<?xml version="1.0" encoding="utf-8"?>
<CoverageSession xmlns:xsd="http://www.w3.org/2001/XMLSchema" xmlns:xsi="http://www.w3.org/2001/XMLSchema-instance" Version="4.7.922.0">
  <Summary numSequencePoints="128" visitedSequencePoints="16" numBranchPoints="32" visitedBranchPoints="4" sequenceCoverage="12.5" branchCoverage="12.5" maxCyclomaticComplexity="5" minCyclomaticComplexity="1" maxCrapScore="30" minCrapScore="1.00" visitedClasses="2" numClasses="2" visitedMethods="4" numMethods="18" />
  <Modules>
    <Module hash="4D-A7-A0-33-FE-66-72-72-B4-76-77-AB-81-04-E3-A9-B7-FC-1C-98">
      <Summary numSequencePoints="128" visitedSequencePoints="16" numBranchPoints="32" visitedBranchPoints="4" sequenceCoverage="12.5" branchCoverage="12.5" maxCyclomaticComplexity="5" minCyclomaticComplexity="1" maxCrapScore="30" minCrapScore="1.00" visitedClasses="2" numClasses="2" visitedMethods="4" numMethods="18" />
      <ModulePath>D:\college\3junior\windows programming\108820001\UITest\bin\Debug\fine-code-coverage\build-output\UITest.dll</ModulePath>
      <ModuleTime>2021-11-18T14:46:11.0405407Z</ModuleTime>
      <ModuleName>UITest</ModuleName>
      <Files>
        <File uid="1" fullPath="D:\college\3junior\windows programming\108820001\UITest\Robot.cs" />
        <File uid="2" fullPath="D:\college\3junior\windows programming\108820001\UITest\UnitTest1.cs" />
      </Files>
      <Classes>
        <Class>
          <Summary numSequencePoints="102" visitedSequencePoints="9" numBranchPoints="28" visitedBranchPoints="2" sequenceCoverage="8.82" branchCoverage="7.14" maxCyclomaticComplexity="5" minCyclomaticComplexity="1" maxCrapScore="30" minCrapScore="1.02" visitedClasses="1" numClasses="1" visitedMethods="2" numMethods="14" />
          <FullName>UITest.Robot</FullName>
          <Methods>
            <Method visited="true" cyclomaticComplexity="1" nPathComplexity="0" sequenceCoverage="75" branchCoverage="100" crapScore="1.02" isConstructor="true" isStatic="false" isGetter="false" isSetter="false">
              <Summary numSequencePoints="4" visitedSequencePoints="3" numBranchPoints="1" visitedBranchPoints="1" sequenceCoverage="75" branchCoverage="100" maxCyclomaticComplexity="1" minCyclomaticComplexity="1" maxCrapScore="1.02" minCrapScore="1.02" visitedClasses="0" numClasses="0" visitedMethods="1" numMethods="1" />
              <MetadataToken>100663297</MetadataToken>
              <Name>System.Void UITest.Robot::.ctor(System.String,System.String)</Name>
              <FileRef uid="1" />
              <SequencePoints>
                <SequencePoint vc="2" uspid="1" ordinal="0" offset="0" sl="24" sc="9" el="24" ec="56" bec="0" bev="0" fileid="1" />
                <SequencePoint vc="2" uspid="2" ordinal="1" offset="7" sl="25" sc="9" el="25" ec="10" bec="0" bev="0" fileid="1" />
                <SequencePoint vc="2" uspid="3" ordinal="2" offset="8" sl="26" sc="13" el="26" ec="50" bec="0" bev="0" fileid="1" />
                <SequencePoint vc="0" uspid="4" ordinal="3" offset="17" sl="27" sc="9" el="27" ec="10" bec="0" bev="0" fileid="1" />
              </SequencePoints>
              <BranchPoints />
              <MethodPoint xsi:type="SequencePoint" vc="2" uspid="1" ordinal="0" offset="0" sl="24" sc="9" el="24" ec="56" bec="0" bev="0" fileid="1" />
            </Method>
            <Method visited="true" cyclomaticComplexity="1" nPathComplexity="0" sequenceCoverage="66.67" branchCoverage="100" crapScore="1.04" isConstructor="false" isStatic="false" isGetter="false" isSetter="false">
              <Summary numSequencePoints="9" visitedSequencePoints="6" numBranchPoints="1" visitedBranchPoints="1" sequenceCoverage="66.67" branchCoverage="100" maxCyclomaticComplexity="1" minCyclomaticComplexity="1" maxCrapScore="1.04" minCrapScore="1.04" visitedClasses="0" numClasses="0" visitedMethods="1" numMethods="1" />
              <MetadataToken>100663298</MetadataToken>
              <Name>System.Void UITest.Robot::Initialize(System.String,System.String)</Name>
              <FileRef uid="1" />
              <SequencePoints>
                <SequencePoint vc="2" uspid="5" ordinal="0" offset="0" sl="31" sc="9" el="31" ec="10" bec="0" bev="0" fileid="1" />
                <SequencePoint vc="2" uspid="6" ordinal="1" offset="1" sl="32" sc="13" el="32" ec="26" bec="0" bev="0" fileid="1" />
                <SequencePoint vc="2" uspid="7" ordinal="2" offset="8" sl="33" sc="13" el="33" ec="47" bec="0" bev="0" fileid="1" />
                <SequencePoint vc="2" uspid="8" ordinal="3" offset="14" sl="34" sc="13" el="34" ec="67" bec="0" bev="0" fileid="1" />
                <SequencePoint vc="2" uspid="9" ordinal="4" offset="27" sl="35" sc="13" el="35" ec="72" bec="0" bev="0" fileid="1" />
                <SequencePoint vc="2" uspid="10" ordinal="5" offset="44" sl="37" sc="13" el="37" ec="95" bec="0" bev="0" fileid="1" />
                <SequencePoint vc="0" uspid="11" ordinal="6" offset="66" sl="38" sc="13" el="38" ec="80" bec="0" bev="0" fileid="1" />
                <SequencePoint vc="0" uspid="12" ordinal="7" offset="102" sl="39" sc="13" el="42" ec="15" bec="0" bev="0" fileid="1" />
                <SequencePoint vc="0" uspid="13" ordinal="8" offset="137" sl="43" sc="9" el="43" ec="10" bec="0" bev="0" fileid="1" />
              </SequencePoints>
              <BranchPoints />
              <MethodPoint xsi:type="SequencePoint" vc="2" uspid="5" ordinal="0" offset="0" sl="31" sc="9" el="31" ec="10" bec="0" bev="0" fileid="1" />
            </Method>
            <Method visited="false" cyclomaticComplexity="1" nPathComplexity="0" sequenceCoverage="0" branchCoverage="0" crapScore="2" isConstructor="false" isStatic="false" isGetter="false" isSetter="false">
              <Summary numSequencePoints="5" visitedSequencePoints="0" numBranchPoints="1" visitedBranchPoints="0" sequenceCoverage="0" branchCoverage="0" maxCyclomaticComplexity="1" minCyclomaticComplexity="1" maxCrapScore="2" minCrapScore="2" visitedClasses="0" numClasses="0" visitedMethods="0" numMethods="1" />
              <MetadataToken>100663299</MetadataToken>
              <Name>System.Void UITest.Robot::CleanUp()</Name>
              <FileRef uid="1" />
              <SequencePoints>
                <SequencePoint vc="0" uspid="14" ordinal="0" offset="0" sl="47" sc="9" el="47" ec="10" bec="0" bev="0" fileid="1" />
                <SequencePoint vc="0" uspid="15" ordinal="1" offset="1" sl="48" sc="13" el="48" ec="29" bec="0" bev="0" fileid="1" />
                <SequencePoint vc="0" uspid="16" ordinal="2" offset="14" sl="49" sc="13" el="49" ec="32" bec="0" bev="0" fileid="1" />
                <SequencePoint vc="0" uspid="17" ordinal="3" offset="26" sl="50" sc="13" el="50" ec="31" bec="0" bev="0" fileid="1" />
                <SequencePoint vc="0" uspid="18" ordinal="4" offset="38" sl="51" sc="9" el="51" ec="10" bec="0" bev="0" fileid="1" />
              </SequencePoints>
              <BranchPoints />
              <MethodPoint xsi:type="SequencePoint" vc="0" uspid="14" ordinal="0" offset="0" sl="47" sc="9" el="47" ec="10" bec="0" bev="0" fileid="1" />
            </Method>
            <Method visited="false" cyclomaticComplexity="4" nPathComplexity="2" sequenceCoverage="0" branchCoverage="0" crapScore="20" isConstructor="false" isStatic="false" isGetter="false" isSetter="false">
              <Summary numSequencePoints="22" visitedSequencePoints="0" numBranchPoints="3" visitedBranchPoints="0" sequenceCoverage="0" branchCoverage="0" maxCyclomaticComplexity="4" minCyclomaticComplexity="4" maxCrapScore="20" minCrapScore="20" visitedClasses="0" numClasses="0" visitedMethods="0" numMethods="1" />
              <MetadataToken>100663300</MetadataToken>
              <Name>System.Void UITest.Robot::SwitchTo(System.String)</Name>
              <FileRef uid="1" />
              <SequencePoints>
                <SequencePoint vc="0" uspid="19" ordinal="0" offset="0" sl="55" sc="9" el="55" ec="10" bec="0" bev="0" fileid="1" />
                <SequencePoint vc="0" uspid="20" ordinal="1" offset="1" sl="56" sc="13" el="56" ec="54" bec="2" bev="0" fileid="1" />
                <SequencePoint vc="0" uspid="21" ordinal="2" offset="17" sl="57" sc="13" el="57" ec="14" bec="0" bev="0" fileid="1" />
                <SequencePoint vc="0" uspid="22" ordinal="3" offset="18" sl="58" sc="17" el="58" ec="69" bec="0" bev="0" fileid="1" />
                <SequencePoint vc="0" uspid="23" ordinal="4" offset="47" sl="59" sc="13" el="59" ec="14" bec="0" bev="0" fileid="1" />
                <SequencePoint vc="0" uspid="24" ordinal="5" offset="50" sl="61" sc="13" el="61" ec="14" bec="0" bev="0" fileid="1" />
                <SequencePoint vc="0" uspid="25" ordinal="6" offset="51" sl="62" sc="17" el="62" ec="24" bec="0" bev="0" fileid="1" />
                <SequencePoint vc="0" uspid="26" ordinal="7" offset="52" sl="62" sc="46" el="62" ec="67" bec="0" bev="0" fileid="1" />
                <SequencePoint vc="0" uspid="27" ordinal="8" offset="71" sl="62" sc="26" el="62" ec="42" bec="0" bev="0" fileid="1" />
                <SequencePoint vc="0" uspid="28" ordinal="9" offset="78" sl="63" sc="17" el="63" ec="18" bec="0" bev="0" fileid="1" />
                <SequencePoint vc="0" uspid="29" ordinal="10" offset="79" sl="64" sc="21" el="64" ec="61" bec="0" bev="0" fileid="1" />
                <SequencePoint vc="0" uspid="30" ordinal="11" offset="97" sl="66" sc="21" el="66" ec="22" bec="0" bev="0" fileid="1" />
                <SequencePoint vc="0" uspid="31" ordinal="12" offset="98" sl="67" sc="25" el="67" ec="72" bec="0" bev="0" fileid="1" />
                <SequencePoint vc="0" uspid="32" ordinal="13" offset="111" sl="68" sc="25" el="68" ec="68" bec="0" bev="0" fileid="1" />
                <SequencePoint vc="0" uspid="33" ordinal="14" offset="125" sl="69" sc="25" el="69" ec="32" bec="0" bev="0" fileid="1" />
                <SequencePoint vc="0" uspid="34" ordinal="15" offset="127" sl="71" sc="21" el="71" ec="26" bec="0" bev="0" fileid="1" />
                <SequencePoint vc="0" uspid="35" ordinal="16" offset="128" sl="72" sc="21" el="72" ec="22" bec="0" bev="0" fileid="1" />
                <SequencePoint vc="0" uspid="36" ordinal="17" offset="129" sl="74" sc="21" el="74" ec="22" bec="0" bev="0" fileid="1" />
                <SequencePoint vc="0" uspid="37" ordinal="18" offset="132" sl="75" sc="17" el="75" ec="18" bec="0" bev="0" fileid="1" />
                <SequencePoint vc="0" uspid="38" ordinal="19" offset="133" sl="62" sc="43" el="62" ec="45" bec="0" bev="0" fileid="1" />
                <SequencePoint vc="0" uspid="39" ordinal="20" offset="154" sl="76" sc="13" el="76" ec="14" bec="0" bev="0" fileid="1" />
                <SequencePoint vc="0" uspid="40" ordinal="21" offset="155" sl="77" sc="9" el="77" ec="10" bec="0" bev="0" fileid="1" />
              </SequencePoints>
              <BranchPoints>
                <BranchPoint vc="0" uspid="41" ordinal="0" offset="15" sl="56" path="0" offsetend="17" fileid="1" />
                <BranchPoint vc="0" uspid="42" ordinal="1" offset="15" sl="56" path="1" offsetend="50" fileid="1" />
              </BranchPoints>
              <MethodPoint xsi:type="SequencePoint" vc="0" uspid="19" ordinal="0" offset="0" sl="55" sc="9" el="55" ec="10" bec="0" bev="0" fileid="1" />
            </Method>
            <Method visited="false" cyclomaticComplexity="1" nPathComplexity="0" sequenceCoverage="0" branchCoverage="0" crapScore="2" isConstructor="false" isStatic="false" isGetter="false" isSetter="false">
              <Summary numSequencePoints="3" visitedSequencePoints="0" numBranchPoints="1" visitedBranchPoints="0" sequenceCoverage="0" branchCoverage="0" maxCyclomaticComplexity="1" minCyclomaticComplexity="1" maxCrapScore="2" minCrapScore="2" visitedClasses="0" numClasses="0" visitedMethods="0" numMethods="1" />
              <MetadataToken>100663301</MetadataToken>
              <Name>System.Void UITest.Robot::Sleep(System.Double)</Name>
              <FileRef uid="1" />
              <SequencePoints>
                <SequencePoint vc="0" uspid="45" ordinal="0" offset="0" sl="81" sc="9" el="81" ec="10" bec="0" bev="0" fileid="1" />
                <SequencePoint vc="0" uspid="46" ordinal="1" offset="1" sl="82" sc="13" el="82" ec="54" bec="0" bev="0" fileid="1" />
                <SequencePoint vc="0" uspid="47" ordinal="2" offset="13" sl="83" sc="9" el="83" ec="10" bec="0" bev="0" fileid="1" />
              </SequencePoints>
              <BranchPoints />
              <MethodPoint xsi:type="SequencePoint" vc="0" uspid="45" ordinal="0" offset="0" sl="81" sc="9" el="81" ec="10" bec="0" bev="0" fileid="1" />
            </Method>
            <Method visited="false" cyclomaticComplexity="1" nPathComplexity="0" sequenceCoverage="0" branchCoverage="0" crapScore="2" isConstructor="false" isStatic="false" isGetter="false" isSetter="false">
              <Summary numSequencePoints="3" visitedSequencePoints="0" numBranchPoints="1" visitedBranchPoints="0" sequenceCoverage="0" branchCoverage="0" maxCyclomaticComplexity="1" minCyclomaticComplexity="1" maxCrapScore="2" minCrapScore="2" visitedClasses="0" numClasses="0" visitedMethods="0" numMethods="1" />
              <MetadataToken>100663302</MetadataToken>
              <Name>System.Void UITest.Robot::ClickButton(System.String)</Name>
              <FileRef uid="1" />
              <SequencePoints>
                <SequencePoint vc="0" uspid="48" ordinal="0" offset="0" sl="87" sc="9" el="87" ec="10" bec="0" bev="0" fileid="1" />
                <SequencePoint vc="0" uspid="49" ordinal="1" offset="1" sl="88" sc="13" el="88" ec="53" bec="0" bev="0" fileid="1" />
                <SequencePoint vc="0" uspid="50" ordinal="2" offset="19" sl="89" sc="9" el="89" ec="10" bec="0" bev="0" fileid="1" />
              </SequencePoints>
              <BranchPoints />
              <MethodPoint xsi:type="SequencePoint" vc="0" uspid="48" ordinal="0" offset="0" sl="87" sc="9" el="87" ec="10" bec="0" bev="0" fileid="1" />
            </Method>
            <Method visited="false" cyclomaticComplexity="4" nPathComplexity="2" sequenceCoverage="0" branchCoverage="0" crapScore="20" isConstructor="false" isStatic="false" isGetter="false" isSetter="false">
              <Summary numSequencePoints="11" visitedSequencePoints="0" numBranchPoints="3" visitedBranchPoints="0" sequenceCoverage="0" branchCoverage="0" maxCyclomaticComplexity="4" minCyclomaticComplexity="4" maxCrapScore="20" minCrapScore="20" visitedClasses="0" numClasses="0" visitedMethods="0" numMethods="1" />
              <MetadataToken>100663303</MetadataToken>
              <Name>System.Void UITest.Robot::ClickTabControl(System.String)</Name>
              <FileRef uid="1" />
              <SequencePoints>
                <SequencePoint vc="0" uspid="51" ordinal="0" offset="0" sl="93" sc="9" el="93" ec="10" bec="0" bev="0" fileid="1" />
                <SequencePoint vc="0" uspid="52" ordinal="1" offset="1" sl="94" sc="13" el="94" ec="61" bec="0" bev="0" fileid="1" />
                <SequencePoint vc="0" uspid="53" ordinal="2" offset="14" sl="95" sc="13" el="95" ec="20" bec="0" bev="0" fileid="1" />
                <SequencePoint vc="0" uspid="54" ordinal="3" offset="15" sl="95" sc="37" el="95" ec="45" bec="0" bev="0" fileid="1" />
                <SequencePoint vc="0" uspid="55" ordinal="4" offset="24" sl="95" sc="22" el="95" ec="33" bec="0" bev="0" fileid="1" />
                <SequencePoint vc="0" uspid="56" ordinal="5" offset="31" sl="96" sc="13" el="96" ec="14" bec="0" bev="0" fileid="1" />
                <SequencePoint vc="0" uspid="57" ordinal="6" offset="32" sl="97" sc="17" el="97" ec="62" bec="2" bev="0" fileid="1" />
                <SequencePoint vc="0" uspid="58" ordinal="7" offset="52" sl="98" sc="21" el="98" ec="37" bec="0" bev="0" fileid="1" />
                <SequencePoint vc="0" uspid="59" ordinal="8" offset="59" sl="99" sc="13" el="99" ec="14" bec="0" bev="0" fileid="1" />
                <SequencePoint vc="0" uspid="60" ordinal="9" offset="60" sl="95" sc="34" el="95" ec="36" bec="0" bev="0" fileid="1" />
                <SequencePoint vc="0" uspid="61" ordinal="10" offset="81" sl="100" sc="9" el="100" ec="10" bec="0" bev="0" fileid="1" />
              </SequencePoints>
              <BranchPoints>
                <BranchPoint vc="0" uspid="62" ordinal="0" offset="50" sl="97" path="0" offsetend="52" fileid="1" />
                <BranchPoint vc="0" uspid="63" ordinal="1" offset="50" sl="97" path="1" offsetend="59" fileid="1" />
              </BranchPoints>
              <MethodPoint xsi:type="SequencePoint" vc="0" uspid="51" ordinal="0" offset="0" sl="93" sc="9" el="93" ec="10" bec="0" bev="0" fileid="1" />
            </Method>
            <Method visited="false" cyclomaticComplexity="1" nPathComplexity="0" sequenceCoverage="0" branchCoverage="0" crapScore="2" isConstructor="false" isStatic="false" isGetter="false" isSetter="false">
              <Summary numSequencePoints="3" visitedSequencePoints="0" numBranchPoints="1" visitedBranchPoints="0" sequenceCoverage="0" branchCoverage="0" maxCyclomaticComplexity="1" minCyclomaticComplexity="1" maxCrapScore="2" minCrapScore="2" visitedClasses="0" numClasses="0" visitedMethods="0" numMethods="1" />
              <MetadataToken>100663304</MetadataToken>
              <Name>System.Void UITest.Robot::CloseWindow()</Name>
              <FileRef uid="1" />
              <SequencePoints>
                <SequencePoint vc="0" uspid="66" ordinal="0" offset="0" sl="104" sc="9" el="104" ec="10" bec="0" bev="0" fileid="1" />
                <SequencePoint vc="0" uspid="67" ordinal="1" offset="1" sl="105" sc="13" el="105" ec="40" bec="0" bev="0" fileid="1" />
                <SequencePoint vc="0" uspid="68" ordinal="2" offset="12" sl="106" sc="9" el="106" ec="10" bec="0" bev="0" fileid="1" />
              </SequencePoints>
              <BranchPoints />
              <MethodPoint xsi:type="SequencePoint" vc="0" uspid="66" ordinal="0" offset="0" sl="104" sc="9" el="104" ec="10" bec="0" bev="0" fileid="1" />
            </Method>
            <Method visited="false" cyclomaticComplexity="1" nPathComplexity="0" sequenceCoverage="0" branchCoverage="0" crapScore="2" isConstructor="false" isStatic="false" isGetter="false" isSetter="false">
              <Summary numSequencePoints="3" visitedSequencePoints="0" numBranchPoints="1" visitedBranchPoints="0" sequenceCoverage="0" branchCoverage="0" maxCyclomaticComplexity="1" minCyclomaticComplexity="1" maxCrapScore="2" minCrapScore="2" visitedClasses="0" numClasses="0" visitedMethods="0" numMethods="1" />
              <MetadataToken>100663305</MetadataToken>
              <Name>System.Void UITest.Robot::CloseMessageBox()</Name>
              <FileRef uid="1" />
              <SequencePoints>
                <SequencePoint vc="0" uspid="69" ordinal="0" offset="0" sl="110" sc="9" el="110" ec="10" bec="0" bev="0" fileid="1" />
                <SequencePoint vc="0" uspid="70" ordinal="1" offset="1" sl="111" sc="13" el="111" ec="53" bec="0" bev="0" fileid="1" />
                <SequencePoint vc="0" uspid="71" ordinal="2" offset="23" sl="112" sc="9" el="112" ec="10" bec="0" bev="0" fileid="1" />
              </SequencePoints>
              <BranchPoints />
              <MethodPoint xsi:type="SequencePoint" vc="0" uspid="69" ordinal="0" offset="0" sl="110" sc="9" el="110" ec="10" bec="0" bev="0" fileid="1" />
            </Method>
            <Method visited="false" cyclomaticComplexity="1" nPathComplexity="0" sequenceCoverage="0" branchCoverage="0" crapScore="2" isConstructor="false" isStatic="false" isGetter="false" isSetter="false">
              <Summary numSequencePoints="4" visitedSequencePoints="0" numBranchPoints="1" visitedBranchPoints="0" sequenceCoverage="0" branchCoverage="0" maxCyclomaticComplexity="1" minCyclomaticComplexity="1" maxCrapScore="2" minCrapScore="2" visitedClasses="0" numClasses="0" visitedMethods="0" numMethods="1" />
              <MetadataToken>100663306</MetadataToken>
              <Name>System.Void UITest.Robot::ClickDataGridViewCellBy(System.String,System.Int32,System.String)</Name>
              <FileRef uid="1" />
              <SequencePoints>
                <SequencePoint vc="0" uspid="72" ordinal="0" offset="0" sl="116" sc="9" el="116" ec="10" bec="0" bev="0" fileid="1" />
                <SequencePoint vc="0" uspid="73" ordinal="1" offset="1" sl="117" sc="13" el="117" ec="75" bec="0" bev="0" fileid="1" />
                <SequencePoint vc="0" uspid="74" ordinal="2" offset="14" sl="118" sc="13" el="118" ec="79" bec="0" bev="0" fileid="1" />
                <SequencePoint vc="0" uspid="75" ordinal="3" offset="48" sl="119" sc="9" el="119" ec="10" bec="0" bev="0" fileid="1" />
              </SequencePoints>
              <BranchPoints />
              <MethodPoint xsi:type="SequencePoint" vc="0" uspid="72" ordinal="0" offset="0" sl="116" sc="9" el="116" ec="10" bec="0" bev="0" fileid="1" />
            </Method>
            <Method visited="false" cyclomaticComplexity="1" nPathComplexity="0" sequenceCoverage="0" branchCoverage="0" crapScore="2" isConstructor="false" isStatic="false" isGetter="false" isSetter="false">
              <Summary numSequencePoints="4" visitedSequencePoints="0" numBranchPoints="1" visitedBranchPoints="0" sequenceCoverage="0" branchCoverage="0" maxCyclomaticComplexity="1" minCyclomaticComplexity="1" maxCrapScore="2" minCrapScore="2" visitedClasses="0" numClasses="0" visitedMethods="0" numMethods="1" />
              <MetadataToken>100663307</MetadataToken>
              <Name>System.Void UITest.Robot::AssertEnable(System.String,System.Boolean)</Name>
              <FileRef uid="1" />
              <SequencePoints>
                <SequencePoint vc="0" uspid="76" ordinal="0" offset="0" sl="123" sc="9" el="123" ec="10" bec="0" bev="0" fileid="1" />
                <SequencePoint vc="0" uspid="77" ordinal="1" offset="1" sl="124" sc="13" el="124" ec="70" bec="0" bev="0" fileid="1" />
                <SequencePoint vc="0" uspid="78" ordinal="2" offset="14" sl="125" sc="13" el="125" ec="53" bec="0" bev="0" fileid="1" />
                <SequencePoint vc="0" uspid="79" ordinal="3" offset="27" sl="126" sc="9" el="126" ec="10" bec="0" bev="0" fileid="1" />
              </SequencePoints>
              <BranchPoints />
              <MethodPoint xsi:type="SequencePoint" vc="0" uspid="76" ordinal="0" offset="0" sl="123" sc="9" el="123" ec="10" bec="0" bev="0" fileid="1" />
            </Method>
            <Method visited="false" cyclomaticComplexity="1" nPathComplexity="0" sequenceCoverage="0" branchCoverage="0" crapScore="2" isConstructor="false" isStatic="false" isGetter="false" isSetter="false">
              <Summary numSequencePoints="4" visitedSequencePoints="0" numBranchPoints="1" visitedBranchPoints="0" sequenceCoverage="0" branchCoverage="0" maxCyclomaticComplexity="1" minCyclomaticComplexity="1" maxCrapScore="2" minCrapScore="2" visitedClasses="0" numClasses="0" visitedMethods="0" numMethods="1" />
              <MetadataToken>100663308</MetadataToken>
              <Name>System.Void UITest.Robot::AssertText(System.String,System.String)</Name>
              <FileRef uid="1" />
              <SequencePoints>
                <SequencePoint vc="0" uspid="80" ordinal="0" offset="0" sl="130" sc="9" el="130" ec="10" bec="0" bev="0" fileid="1" />
                <SequencePoint vc="0" uspid="81" ordinal="1" offset="1" sl="131" sc="13" el="131" ec="81" bec="0" bev="0" fileid="1" />
                <SequencePoint vc="0" uspid="82" ordinal="2" offset="14" sl="132" sc="13" el="132" ec="49" bec="0" bev="0" fileid="1" />
                <SequencePoint vc="0" uspid="83" ordinal="3" offset="27" sl="133" sc="9" el="133" ec="10" bec="0" bev="0" fileid="1" />
              </SequencePoints>
              <BranchPoints />
              <MethodPoint xsi:type="SequencePoint" vc="0" uspid="80" ordinal="0" offset="0" sl="130" sc="9" el="130" ec="10" bec="0" bev="0" fileid="1" />
            </Method>
            <Method visited="false" cyclomaticComplexity="2" nPathComplexity="2" sequenceCoverage="0" branchCoverage="0" crapScore="6" isConstructor="false" isStatic="false" isGetter="false" isSetter="false">
              <Summary numSequencePoints="10" visitedSequencePoints="0" numBranchPoints="3" visitedBranchPoints="0" sequenceCoverage="0" branchCoverage="0" maxCyclomaticComplexity="2" minCyclomaticComplexity="2" maxCrapScore="6" minCrapScore="6" visitedClasses="0" numClasses="0" visitedMethods="0" numMethods="1" />
              <MetadataToken>100663309</MetadataToken>
              <Name>System.Void UITest.Robot::AssertDataGridViewRowDataBy(System.String,System.Int32,System.String[])</Name>
              <FileRef uid="1" />
              <SequencePoints>
                <SequencePoint vc="0" uspid="84" ordinal="0" offset="0" sl="137" sc="9" el="137" ec="10" bec="0" bev="0" fileid="1" />
                <SequencePoint vc="0" uspid="85" ordinal="1" offset="1" sl="138" sc="13" el="138" ec="75" bec="0" bev="0" fileid="1" />
                <SequencePoint vc="0" uspid="86" ordinal="2" offset="14" sl="139" sc="13" el="139" ec="105" bec="0" bev="0" fileid="1" />
                <SequencePoint vc="0" uspid="87" ordinal="3" offset="47" sl="142" sc="18" el="142" ec="27" bec="0" bev="0" fileid="1" />
                <SequencePoint vc="0" uspid="88" ordinal="4" offset="51" sl="143" sc="13" el="143" ec="14" bec="0" bev="0" fileid="1" />
                <SequencePoint vc="0" uspid="89" ordinal="5" offset="52" sl="144" sc="17" el="144" ec="86" bec="0" bev="0" fileid="1" />
                <SequencePoint vc="0" uspid="90" ordinal="6" offset="90" sl="145" sc="13" el="145" ec="14" bec="0" bev="0" fileid="1" />
                <SequencePoint vc="0" uspid="91" ordinal="7" offset="91" sl="142" sc="49" el="142" ec="52" bec="0" bev="0" fileid="1" />
                <SequencePoint vc="0" uspid="92" ordinal="8" offset="95" sl="142" sc="29" el="142" ec="47" bec="2" bev="0" fileid="1" />
                <SequencePoint vc="0" uspid="93" ordinal="9" offset="108" sl="146" sc="9" el="146" ec="10" bec="0" bev="0" fileid="1" />
              </SequencePoints>
              <BranchPoints>
                <BranchPoint vc="0" uspid="94" ordinal="0" offset="106" sl="142" path="0" offsetend="108" fileid="1" />
                <BranchPoint vc="0" uspid="95" ordinal="1" offset="106" sl="142" path="1" offsetend="51" fileid="1" />
              </BranchPoints>
              <MethodPoint xsi:type="SequencePoint" vc="0" uspid="84" ordinal="0" offset="0" sl="137" sc="9" el="137" ec="10" bec="0" bev="0" fileid="1" />
            </Method>
            <Method visited="false" cyclomaticComplexity="5" nPathComplexity="16" sequenceCoverage="0" branchCoverage="0" crapScore="30" isConstructor="false" isStatic="false" isGetter="false" isSetter="false">
              <Summary numSequencePoints="17" visitedSequencePoints="0" numBranchPoints="9" visitedBranchPoints="0" sequenceCoverage="0" branchCoverage="0" maxCyclomaticComplexity="5" minCyclomaticComplexity="5" maxCrapScore="30" minCrapScore="30" visitedClasses="0" numClasses="0" visitedMethods="0" numMethods="1" />
              <MetadataToken>100663310</MetadataToken>
              <Name>System.Void UITest.Robot::AssertDataGridViewRowCountBy(System.String,System.Int32)</Name>
              <FileRef uid="1" />
              <SequencePoints>
                <SequencePoint vc="0" uspid="96" ordinal="0" offset="0" sl="150" sc="9" el="150" ec="10" bec="0" bev="0" fileid="1" />
                <SequencePoint vc="0" uspid="97" ordinal="1" offset="1" sl="151" sc="13" el="151" ec="75" bec="0" bev="0" fileid="1" />
                <SequencePoint vc="0" uspid="98" ordinal="2" offset="14" sl="152" sc="13" el="152" ec="87" bec="0" bev="0" fileid="1" />
                <SequencePoint vc="0" uspid="99" ordinal="3" offset="51" sl="153" sc="13" el="153" ec="76" bec="0" bev="0" fileid="1" />
                <SequencePoint vc="0" uspid="100" ordinal="4" offset="60" sl="156" sc="13" el="156" ec="14" bec="0" bev="0" fileid="1" />
                <SequencePoint vc="0" uspid="101" ordinal="5" offset="61" sl="157" sc="17" el="157" ec="71" bec="0" bev="0" fileid="1" />
                <SequencePoint vc="0" uspid="102" ordinal="6" offset="73" sl="158" sc="13" el="158" ec="14" bec="0" bev="0" fileid="1" />
                <SequencePoint vc="0" uspid="103" ordinal="7" offset="74" sl="155" sc="13" el="155" ec="106" bec="4" bev="0" fileid="1" />
                <SequencePoint vc="0" uspid="104" ordinal="8" offset="120" sl="160" sc="13" el="160" ec="33" bec="2" bev="0" fileid="1" />
                <SequencePoint vc="0" uspid="105" ordinal="9" offset="133" sl="161" sc="13" el="161" ec="14" bec="0" bev="0" fileid="1" />
                <SequencePoint vc="0" uspid="106" ordinal="10" offset="134" sl="162" sc="17" el="162" ec="105" bec="0" bev="0" fileid="1" />
                <SequencePoint vc="0" uspid="107" ordinal="11" offset="152" sl="164" sc="17" el="164" ec="41" bec="2" bev="0" fileid="1" />
                <SequencePoint vc="0" uspid="108" ordinal="12" offset="163" sl="165" sc="17" el="165" ec="18" bec="0" bev="0" fileid="1" />
                <SequencePoint vc="0" uspid="109" ordinal="13" offset="164" sl="166" sc="21" el="166" ec="77" bec="0" bev="0" fileid="1" />
                <SequencePoint vc="0" uspid="110" ordinal="14" offset="187" sl="167" sc="17" el="167" ec="18" bec="0" bev="0" fileid="1" />
                <SequencePoint vc="0" uspid="111" ordinal="15" offset="188" sl="168" sc="13" el="168" ec="14" bec="0" bev="0" fileid="1" />
                <SequencePoint vc="0" uspid="112" ordinal="16" offset="189" sl="169" sc="9" el="169" ec="10" bec="0" bev="0" fileid="1" />
              </SequencePoints>
              <BranchPoints>
                <BranchPoint vc="0" uspid="113" ordinal="0" offset="81" sl="155" path="0" offsetend="83" fileid="1" />
                <BranchPoint vc="0" uspid="114" ordinal="1" offset="81" sl="155" path="1" offsetend="113" fileid="1" />
                <BranchPoint vc="0" uspid="115" ordinal="2" offset="118" sl="155" path="0" offsetend="120" fileid="1" />
                <BranchPoint vc="0" uspid="116" ordinal="3" offset="118" sl="155" path="1" offsetend="60" fileid="1" />
                <BranchPoint vc="0" uspid="117" ordinal="4" offset="131" sl="160" path="0" offsetend="133" fileid="1" />
                <BranchPoint vc="0" uspid="118" ordinal="5" offset="131" sl="160" path="1" offsetend="189" fileid="1" />
                <BranchPoint vc="0" uspid="119" ordinal="6" offset="161" sl="164" path="0" offsetend="163" fileid="1" />
                <BranchPoint vc="0" uspid="120" ordinal="7" offset="161" sl="164" path="1" offsetend="188" fileid="1" />
              </BranchPoints>
              <MethodPoint xsi:type="SequencePoint" vc="0" uspid="96" ordinal="0" offset="0" sl="150" sc="9" el="150" ec="10" bec="0" bev="0" fileid="1" />
            </Method>
          </Methods>
        </Class>
        <Class>
          <Summary numSequencePoints="26" visitedSequencePoints="7" numBranchPoints="4" visitedBranchPoints="2" sequenceCoverage="26.92" branchCoverage="50" maxCyclomaticComplexity="1" minCyclomaticComplexity="1" maxCrapScore="2" minCrapScore="1.00" visitedClasses="1" numClasses="1" visitedMethods="2" numMethods="4" />
          <FullName>UITest.UnitTest1</FullName>
          <Methods>
            <Method visited="true" cyclomaticComplexity="1" nPathComplexity="0" sequenceCoverage="83.33" branchCoverage="100" crapScore="1.00" isConstructor="false" isStatic="false" isGetter="false" isSetter="false">
              <Summary numSequencePoints="6" visitedSequencePoints="5" numBranchPoints="1" visitedBranchPoints="1" sequenceCoverage="83.33" branchCoverage="100" maxCyclomaticComplexity="1" minCyclomaticComplexity="1" maxCrapScore="1.00" minCrapScore="1.00" visitedClasses="0" numClasses="0" visitedMethods="1" numMethods="1" />
              <MetadataToken>100663311</MetadataToken>
              <Name>System.Void UITest.UnitTest1::Initialize()</Name>
              <FileRef uid="2" />
              <SequencePoints>
                <SequencePoint vc="2" uspid="121" ordinal="0" offset="0" sl="19" sc="9" el="19" ec="10" bec="0" bev="0" fileid="2" />
                <SequencePoint vc="2" uspid="122" ordinal="1" offset="1" sl="20" sc="13" el="20" ec="46" bec="0" bev="0" fileid="2" />
                <SequencePoint vc="2" uspid="123" ordinal="2" offset="7" sl="21" sc="13" el="21" ec="121" bec="0" bev="0" fileid="2" />
                <SequencePoint vc="2" uspid="124" ordinal="3" offset="33" sl="22" sc="13" el="22" ec="105" bec="0" bev="0" fileid="2" />
                <SequencePoint vc="2" uspid="125" ordinal="4" offset="82" sl="23" sc="13" el="23" ec="62" bec="0" bev="0" fileid="2" />
                <SequencePoint vc="0" uspid="126" ordinal="5" offset="104" sl="24" sc="9" el="24" ec="10" bec="0" bev="0" fileid="2" />
              </SequencePoints>
              <BranchPoints />
              <MethodPoint xsi:type="SequencePoint" vc="2" uspid="121" ordinal="0" offset="0" sl="19" sc="9" el="19" ec="10" bec="0" bev="0" fileid="2" />
            </Method>
            <Method visited="true" cyclomaticComplexity="1" nPathComplexity="0" sequenceCoverage="66.67" branchCoverage="100" crapScore="1.04" isConstructor="false" isStatic="false" isGetter="false" isSetter="false">
              <Summary numSequencePoints="3" visitedSequencePoints="2" numBranchPoints="1" visitedBranchPoints="1" sequenceCoverage="66.67" branchCoverage="100" maxCyclomaticComplexity="1" minCyclomaticComplexity="1" maxCrapScore="1.04" minCrapScore="1.04" visitedClasses="0" numClasses="0" visitedMethods="1" numMethods="1" />
              <MetadataToken>100663312</MetadataToken>
              <Name>System.Void UITest.UnitTest1::Cleanup()</Name>
              <FileRef uid="2" />
              <SequencePoints>
                <SequencePoint vc="2" uspid="127" ordinal="0" offset="0" sl="28" sc="9" el="28" ec="10" bec="0" bev="0" fileid="2" />
                <SequencePoint vc="2" uspid="128" ordinal="1" offset="1" sl="29" sc="13" el="29" ec="30" bec="0" bev="0" fileid="2" />
                <SequencePoint vc="0" uspid="129" ordinal="2" offset="13" sl="30" sc="9" el="30" ec="10" bec="0" bev="0" fileid="2" />
              </SequencePoints>
              <BranchPoints />
              <MethodPoint xsi:type="SequencePoint" vc="2" uspid="127" ordinal="0" offset="0" sl="28" sc="9" el="28" ec="10" bec="0" bev="0" fileid="2" />
            </Method>
            <Method visited="false" cyclomaticComplexity="1" nPathComplexity="0" sequenceCoverage="0" branchCoverage="0" crapScore="2" isConstructor="false" isStatic="false" isGetter="false" isSetter="false">
              <Summary numSequencePoints="4" visitedSequencePoints="0" numBranchPoints="1" visitedBranchPoints="0" sequenceCoverage="0" branchCoverage="0" maxCyclomaticComplexity="1" minCyclomaticComplexity="1" maxCrapScore="2" minCrapScore="2" visitedClasses="0" numClasses="0" visitedMethods="0" numMethods="1" />
              <MetadataToken>100663313</MetadataToken>
              <Name>System.Void UITest.UnitTest1::TestAdd()</Name>
              <FileRef uid="2" />
              <SequencePoints>
                <SequencePoint vc="0" uspid="130" ordinal="0" offset="0" sl="34" sc="9" el="34" ec="10" bec="0" bev="0" fileid="2" />
                <SequencePoint vc="0" uspid="131" ordinal="1" offset="1" sl="35" sc="13" el="35" ec="59" bec="0" bev="0" fileid="2" />
                <SequencePoint vc="0" uspid="132" ordinal="2" offset="18" sl="36" sc="13" el="36" ec="67" bec="0" bev="0" fileid="2" />
                <SequencePoint vc="0" uspid="133" ordinal="3" offset="36" sl="37" sc="9" el="37" ec="10" bec="0" bev="0" fileid="2" />
              </SequencePoints>
              <BranchPoints />
              <MethodPoint xsi:type="SequencePoint" vc="0" uspid="130" ordinal="0" offset="0" sl="34" sc="9" el="34" ec="10" bec="0" bev="0" fileid="2" />
            </Method>
            <Method visited="false" cyclomaticComplexity="1" nPathComplexity="0" sequenceCoverage="0" branchCoverage="0" crapScore="2" isConstructor="false" isStatic="false" isGetter="false" isSetter="false">
              <Summary numSequencePoints="13" visitedSequencePoints="0" numBranchPoints="1" visitedBranchPoints="0" sequenceCoverage="0" branchCoverage="0" maxCyclomaticComplexity="1" minCyclomaticComplexity="1" maxCrapScore="2" minCrapScore="2" visitedClasses="0" numClasses="0" visitedMethods="0" numMethods="1" />
              <MetadataToken>100663314</MetadataToken>
              <Name>System.Void UITest.UnitTest1::TestButtonControl()</Name>
              <FileRef uid="2" />
              <SequencePoints>
                <SequencePoint vc="0" uspid="134" ordinal="0" offset="0" sl="41" sc="9" el="41" ec="10" bec="0" bev="0" fileid="2" />
                <SequencePoint vc="0" uspid="135" ordinal="1" offset="1" sl="42" sc="13" el="42" ec="59" bec="0" bev="0" fileid="2" />
                <SequencePoint vc="0" uspid="136" ordinal="2" offset="18" sl="43" sc="13" el="43" ec="67" bec="0" bev="0" fileid="2" />
                <SequencePoint vc="0" uspid="137" ordinal="3" offset="36" sl="45" sc="13" el="45" ec="44" bec="0" bev="0" fileid="2" />
                <SequencePoint vc="0" uspid="138" ordinal="4" offset="53" sl="46" sc="13" el="46" ec="60" bec="0" bev="0" fileid="2" />
                <SequencePoint vc="0" uspid="139" ordinal="5" offset="70" sl="47" sc="13" el="47" ec="68" bec="0" bev="0" fileid="2" />
                <SequencePoint vc="0" uspid="140" ordinal="6" offset="88" sl="49" sc="13" el="49" ec="52" bec="0" bev="0" fileid="2" />
                <SequencePoint vc="0" uspid="141" ordinal="7" offset="105" sl="50" sc="13" el="50" ec="34" bec="0" bev="0" fileid="2" />
                <SequencePoint vc="0" uspid="142" ordinal="8" offset="117" sl="51" sc="13" el="51" ec="66" bec="0" bev="0" fileid="2" />
                <SequencePoint vc="0" uspid="143" ordinal="9" offset="135" sl="53" sc="13" el="53" ec="53" bec="0" bev="0" fileid="2" />
                <SequencePoint vc="0" uspid="144" ordinal="10" offset="152" sl="54" sc="13" el="54" ec="34" bec="0" bev="0" fileid="2" />
                <SequencePoint vc="0" uspid="145" ordinal="11" offset="164" sl="55" sc="13" el="55" ec="67" bec="0" bev="0" fileid="2" />
                <SequencePoint vc="0" uspid="146" ordinal="12" offset="182" sl="56" sc="9" el="56" ec="10" bec="0" bev="0" fileid="2" />
              </SequencePoints>
              <BranchPoints />
              <MethodPoint xsi:type="SequencePoint" vc="0" uspid="134" ordinal="0" offset="0" sl="41" sc="9" el="41" ec="10" bec="0" bev="0" fileid="2" />
            </Method>
            <Method visited="false" cyclomaticComplexity="1" nPathComplexity="0" sequenceCoverage="0" branchCoverage="0" crapScore="2" isConstructor="true" isStatic="false" isGetter="false" isSetter="false">
              <Summary numSequencePoints="0" visitedSequencePoints="0" numBranchPoints="0" visitedBranchPoints="0" sequenceCoverage="0" branchCoverage="0" maxCyclomaticComplexity="1" minCyclomaticComplexity="1" maxCrapScore="2" minCrapScore="2" visitedClasses="0" numClasses="0" visitedMethods="0" numMethods="0" />
              <MetadataToken>100663315</MetadataToken>
              <Name>System.Void UITest.UnitTest1::.ctor()</Name>
              <SequencePoints />
              <BranchPoints />
              <MethodPoint vc="0" uspid="147" ordinal="0" offset="0" />
            </Method>
          </Methods>
        </Class>
      </Classes>
    </Module>
  </Modules>
</CoverageSession>