<?xml version="1.0" encoding="utf-8"?>
<CoverageSession xmlns:xsd="http://www.w3.org/2001/XMLSchema" xmlns:xsi="http://www.w3.org/2001/XMLSchema-instance" Version="4.7.922.0">
  <Summary numSequencePoints="302" visitedSequencePoints="8" numBranchPoints="68" visitedBranchPoints="2" sequenceCoverage="2.65" branchCoverage="2.94" maxCyclomaticComplexity="2" minCyclomaticComplexity="1" maxCrapScore="6" minCrapScore="1.04" visitedClasses="2" numClasses="2" visitedMethods="2" numMethods="44" />
  <Modules>
    <Module hash="55-FE-97-7B-30-96-72-2B-47-A1-34-84-66-4C-1E-C6-4D-31-F7-AC">
      <Summary numSequencePoints="302" visitedSequencePoints="8" numBranchPoints="68" visitedBranchPoints="2" sequenceCoverage="2.65" branchCoverage="2.94" maxCyclomaticComplexity="2" minCyclomaticComplexity="1" maxCrapScore="6" minCrapScore="1.04" visitedClasses="2" numClasses="2" visitedMethods="2" numMethods="44" />
      <ModulePath>C:\Users\njo61u04\Desktop\WP\Course_System\CourseSystemUITest\bin\Debug\fine-code-coverage\build-output\CourseSystemUITest.dll</ModulePath>
      <ModuleTime>2021-11-19T09:18:43.0006401Z</ModuleTime>
      <ModuleName>CourseSystemUITest</ModuleName>
      <Files>
        <File uid="1" fullPath="C:\Users\njo61u04\Desktop\WP\Course_System\CourseSystemUITest\UITest.cs" />
        <File uid="2" fullPath="C:\Users\njo61u04\Desktop\WP\Course_System\CourseSystemUITest\Robot.cs" />
      </Files>
      <Classes>
        <Class>
          <Summary numSequencePoints="10" visitedSequencePoints="2" numBranchPoints="3" visitedBranchPoints="1" sequenceCoverage="20" branchCoverage="33.33" maxCyclomaticComplexity="1" minCyclomaticComplexity="1" maxCrapScore="2" minCrapScore="1.04" visitedClasses="1" numClasses="1" visitedMethods="1" numMethods="3" />
          <FullName>CourseSystemUITest.UITest</FullName>
          <Methods>
            <Method visited="true" cyclomaticComplexity="1" nPathComplexity="0" sequenceCoverage="66.67" branchCoverage="100" crapScore="1.04" isConstructor="false" isStatic="false" isGetter="false" isSetter="false">
              <Summary numSequencePoints="3" visitedSequencePoints="2" numBranchPoints="1" visitedBranchPoints="1" sequenceCoverage="66.67" branchCoverage="100" maxCyclomaticComplexity="1" minCyclomaticComplexity="1" maxCrapScore="1.04" minCrapScore="1.04" visitedClasses="0" numClasses="0" visitedMethods="1" numMethods="1" />
              <MetadataToken>100663297</MetadataToken>
              <Name>System.Void CourseSystemUITest.UITest::Initialize()</Name>
              <FileRef uid="1" />
              <SequencePoints>
                <SequencePoint vc="1" uspid="1" ordinal="0" offset="0" sl="18" sc="9" el="18" ec="10" bec="0" bev="0" fileid="1" />
                <SequencePoint vc="1" uspid="2" ordinal="1" offset="1" sl="19" sc="13" el="19" ec="52" bec="0" bev="0" fileid="1" />
                <SequencePoint vc="0" uspid="3" ordinal="2" offset="17" sl="20" sc="9" el="20" ec="10" bec="0" bev="0" fileid="1" />
              </SequencePoints>
              <BranchPoints />
              <MethodPoint xsi:type="SequencePoint" vc="1" uspid="1" ordinal="0" offset="0" sl="18" sc="9" el="18" ec="10" bec="0" bev="0" fileid="1" />
            </Method>
            <Method visited="false" cyclomaticComplexity="1" nPathComplexity="0" sequenceCoverage="0" branchCoverage="0" crapScore="2" isConstructor="false" isStatic="false" isGetter="false" isSetter="false">
              <Summary numSequencePoints="4" visitedSequencePoints="0" numBranchPoints="1" visitedBranchPoints="0" sequenceCoverage="0" branchCoverage="0" maxCyclomaticComplexity="1" minCyclomaticComplexity="1" maxCrapScore="2" minCrapScore="2" visitedClasses="0" numClasses="0" visitedMethods="0" numMethods="1" />
              <MetadataToken>100663298</MetadataToken>
              <Name>System.Void CourseSystemUITest.UITest::TestAdd()</Name>
              <FileRef uid="1" />
              <SequencePoints>
                <SequencePoint vc="0" uspid="4" ordinal="0" offset="0" sl="24" sc="9" el="24" ec="10" bec="0" bev="0" fileid="1" />
                <SequencePoint vc="0" uspid="5" ordinal="1" offset="1" sl="25" sc="13" el="25" ec="58" bec="0" bev="0" fileid="1" />
                <SequencePoint vc="0" uspid="6" ordinal="2" offset="12" sl="26" sc="13" el="26" ec="72" bec="0" bev="0" fileid="1" />
                <SequencePoint vc="0" uspid="7" ordinal="3" offset="24" sl="27" sc="9" el="27" ec="10" bec="0" bev="0" fileid="1" />
              </SequencePoints>
              <BranchPoints />
              <MethodPoint xsi:type="SequencePoint" vc="0" uspid="4" ordinal="0" offset="0" sl="24" sc="9" el="24" ec="10" bec="0" bev="0" fileid="1" />
            </Method>
            <Method visited="false" cyclomaticComplexity="1" nPathComplexity="0" sequenceCoverage="0" branchCoverage="0" crapScore="2" isConstructor="false" isStatic="false" isGetter="false" isSetter="false">
              <Summary numSequencePoints="3" visitedSequencePoints="0" numBranchPoints="1" visitedBranchPoints="0" sequenceCoverage="0" branchCoverage="0" maxCyclomaticComplexity="1" minCyclomaticComplexity="1" maxCrapScore="2" minCrapScore="2" visitedClasses="0" numClasses="0" visitedMethods="0" numMethods="1" />
              <MetadataToken>100663299</MetadataToken>
              <Name>System.Void CourseSystemUITest.UITest::Cleanup()</Name>
              <FileRef uid="1" />
              <SequencePoints>
                <SequencePoint vc="0" uspid="8" ordinal="0" offset="0" sl="32" sc="9" el="32" ec="10" bec="0" bev="0" fileid="1" />
                <SequencePoint vc="0" uspid="9" ordinal="1" offset="1" sl="33" sc="13" el="33" ec="29" bec="0" bev="0" fileid="1" />
                <SequencePoint vc="0" uspid="10" ordinal="2" offset="7" sl="34" sc="9" el="34" ec="10" bec="0" bev="0" fileid="1" />
              </SequencePoints>
              <BranchPoints />
              <MethodPoint xsi:type="SequencePoint" vc="0" uspid="8" ordinal="0" offset="0" sl="32" sc="9" el="32" ec="10" bec="0" bev="0" fileid="1" />
            </Method>
            <Method visited="false" cyclomaticComplexity="1" nPathComplexity="0" sequenceCoverage="0" branchCoverage="0" crapScore="2" isConstructor="true" isStatic="false" isGetter="false" isSetter="false">
              <Summary numSequencePoints="0" visitedSequencePoints="0" numBranchPoints="0" visitedBranchPoints="0" sequenceCoverage="0" branchCoverage="0" maxCyclomaticComplexity="1" minCyclomaticComplexity="1" maxCrapScore="2" minCrapScore="2" visitedClasses="0" numClasses="0" visitedMethods="0" numMethods="0" />
              <MetadataToken>100663300</MetadataToken>
              <Name>System.Void CourseSystemUITest.UITest::.ctor()</Name>
              <SequencePoints />
              <BranchPoints />
              <MethodPoint vc="0" uspid="11" ordinal="0" offset="0" />
            </Method>
          </Methods>
        </Class>
        <Class>
          <Summary numSequencePoints="292" visitedSequencePoints="6" numBranchPoints="65" visitedBranchPoints="1" sequenceCoverage="2.05" branchCoverage="1.54" maxCyclomaticComplexity="2" minCyclomaticComplexity="1" maxCrapScore="6" minCrapScore="1.16" visitedClasses="1" numClasses="1" visitedMethods="1" numMethods="41" />
          <FullName>CourseSystemUITest.Robot</FullName>
          <Methods>
            <Method visited="false" cyclomaticComplexity="1" nPathComplexity="0" sequenceCoverage="0" branchCoverage="0" crapScore="2" isConstructor="false" isStatic="true" isGetter="false" isSetter="false">
              <Summary numSequencePoints="3" visitedSequencePoints="0" numBranchPoints="1" visitedBranchPoints="0" sequenceCoverage="0" branchCoverage="0" maxCyclomaticComplexity="1" minCyclomaticComplexity="1" maxCrapScore="2" minCrapScore="2" visitedClasses="0" numClasses="0" visitedMethods="0" numMethods="1" />
              <MetadataToken>100663301</MetadataToken>
              <Name>System.Void CourseSystemUITest.Robot::SetDelayBetweenActions(System.Int32)</Name>
              <FileRef uid="2" />
              <SequencePoints>
                <SequencePoint vc="0" uspid="12" ordinal="0" offset="0" sl="21" sc="9" el="21" ec="10" bec="0" bev="0" fileid="2" />
                <SequencePoint vc="0" uspid="13" ordinal="1" offset="1" sl="22" sc="13" el="22" ec="73" bec="0" bev="0" fileid="2" />
                <SequencePoint vc="0" uspid="14" ordinal="2" offset="13" sl="23" sc="9" el="23" ec="10" bec="0" bev="0" fileid="2" />
              </SequencePoints>
              <BranchPoints />
              <MethodPoint xsi:type="SequencePoint" vc="0" uspid="12" ordinal="0" offset="0" sl="21" sc="9" el="21" ec="10" bec="0" bev="0" fileid="2" />
            </Method>
            <Method visited="true" cyclomaticComplexity="1" nPathComplexity="0" sequenceCoverage="46.15" branchCoverage="100" crapScore="1.16" isConstructor="false" isStatic="true" isGetter="false" isSetter="false">
              <Summary numSequencePoints="13" visitedSequencePoints="6" numBranchPoints="1" visitedBranchPoints="1" sequenceCoverage="46.15" branchCoverage="100" maxCyclomaticComplexity="1" minCyclomaticComplexity="1" maxCrapScore="1.16" minCrapScore="1.16" visitedClasses="0" numClasses="0" visitedMethods="1" numMethods="1" />
              <MetadataToken>100663302</MetadataToken>
              <Name>Microsoft.VisualStudio.TestTools.UITesting.UITestControl CourseSystemUITest.Robot::Initialize(System.String,System.String)</Name>
              <FileRef uid="2" />
              <SequencePoints>
                <SequencePoint vc="1" uspid="15" ordinal="0" offset="0" sl="26" sc="9" el="26" ec="10" bec="0" bev="0" fileid="2" />
                <SequencePoint vc="1" uspid="16" ordinal="1" offset="1" sl="27" sc="13" el="27" ec="63" bec="0" bev="0" fileid="2" />
                <SequencePoint vc="1" uspid="17" ordinal="2" offset="13" sl="28" sc="13" el="28" ec="66" bec="0" bev="0" fileid="2" />
                <SequencePoint vc="1" uspid="18" ordinal="3" offset="33" sl="29" sc="13" el="29" ec="74" bec="0" bev="0" fileid="2" />
                <SequencePoint vc="1" uspid="19" ordinal="4" offset="45" sl="30" sc="13" el="30" ec="67" bec="0" bev="0" fileid="2" />
                <SequencePoint vc="1" uspid="20" ordinal="5" offset="57" sl="31" sc="13" el="31" ec="54" bec="0" bev="0" fileid="2" />
                <SequencePoint vc="0" uspid="21" ordinal="6" offset="68" sl="33" sc="13" el="33" ec="62" bec="0" bev="0" fileid="2" />
                <SequencePoint vc="0" uspid="22" ordinal="7" offset="78" sl="34" sc="13" el="34" ec="48" bec="0" bev="0" fileid="2" />
                <SequencePoint vc="0" uspid="23" ordinal="8" offset="84" sl="35" sc="13" el="35" ec="78" bec="0" bev="0" fileid="2" />
                <SequencePoint vc="0" uspid="24" ordinal="9" offset="102" sl="36" sc="13" el="36" ec="48" bec="0" bev="0" fileid="2" />
                <SequencePoint vc="0" uspid="25" ordinal="10" offset="110" sl="37" sc="13" el="37" ec="28" bec="0" bev="0" fileid="2" />
                <SequencePoint vc="0" uspid="26" ordinal="11" offset="116" sl="38" sc="13" el="38" ec="26" bec="0" bev="0" fileid="2" />
                <SequencePoint vc="0" uspid="27" ordinal="12" offset="124" sl="39" sc="9" el="39" ec="10" bec="0" bev="0" fileid="2" />
              </SequencePoints>
              <BranchPoints />
              <MethodPoint xsi:type="SequencePoint" vc="1" uspid="15" ordinal="0" offset="0" sl="26" sc="9" el="26" ec="10" bec="0" bev="0" fileid="2" />
            </Method>
            <Method visited="false" cyclomaticComplexity="1" nPathComplexity="0" sequenceCoverage="0" branchCoverage="0" crapScore="2" isConstructor="false" isStatic="true" isGetter="false" isSetter="false">
              <Summary numSequencePoints="5" visitedSequencePoints="0" numBranchPoints="1" visitedBranchPoints="0" sequenceCoverage="0" branchCoverage="0" maxCyclomaticComplexity="1" minCyclomaticComplexity="1" maxCrapScore="2" minCrapScore="2" visitedClasses="0" numClasses="0" visitedMethods="0" numMethods="1" />
              <MetadataToken>100663303</MetadataToken>
              <Name>System.Void CourseSystemUITest.Robot::CleanUp()</Name>
              <FileRef uid="2" />
              <SequencePoints>
                <SequencePoint vc="0" uspid="28" ordinal="0" offset="0" sl="42" sc="9" el="42" ec="10" bec="0" bev="0" fileid="2" />
                <SequencePoint vc="0" uspid="29" ordinal="1" offset="1" sl="43" sc="13" el="43" ec="28" bec="0" bev="0" fileid="2" />
                <SequencePoint vc="0" uspid="30" ordinal="2" offset="12" sl="44" sc="13" el="44" ec="26" bec="0" bev="0" fileid="2" />
                <SequencePoint vc="0" uspid="31" ordinal="3" offset="18" sl="45" sc="13" el="45" ec="26" bec="0" bev="0" fileid="2" />
                <SequencePoint vc="0" uspid="32" ordinal="4" offset="29" sl="46" sc="9" el="46" ec="10" bec="0" bev="0" fileid="2" />
              </SequencePoints>
              <BranchPoints />
              <MethodPoint xsi:type="SequencePoint" vc="0" uspid="28" ordinal="0" offset="0" sl="42" sc="9" el="42" ec="10" bec="0" bev="0" fileid="2" />
            </Method>
            <Method visited="false" cyclomaticComplexity="1" nPathComplexity="0" sequenceCoverage="0" branchCoverage="0" crapScore="2" isConstructor="false" isStatic="true" isGetter="false" isSetter="false">
              <Summary numSequencePoints="7" visitedSequencePoints="0" numBranchPoints="1" visitedBranchPoints="0" sequenceCoverage="0" branchCoverage="0" maxCyclomaticComplexity="1" minCyclomaticComplexity="1" maxCrapScore="2" minCrapScore="2" visitedClasses="0" numClasses="0" visitedMethods="0" numMethods="1" />
              <MetadataToken>100663304</MetadataToken>
              <Name>Microsoft.VisualStudio.TestTools.UITesting.UITestControl CourseSystemUITest.Robot::SetForm(System.String)</Name>
              <FileRef uid="2" />
              <SequencePoints>
                <SequencePoint vc="0" uspid="33" ordinal="0" offset="0" sl="49" sc="9" el="49" ec="10" bec="0" bev="0" fileid="2" />
                <SequencePoint vc="0" uspid="34" ordinal="1" offset="1" sl="50" sc="13" el="50" ec="99" bec="0" bev="0" fileid="2" />
                <SequencePoint vc="0" uspid="35" ordinal="2" offset="24" sl="51" sc="13" el="51" ec="78" bec="0" bev="0" fileid="2" />
                <SequencePoint vc="0" uspid="36" ordinal="3" offset="42" sl="52" sc="13" el="52" ec="47" bec="0" bev="0" fileid="2" />
                <SequencePoint vc="0" uspid="37" ordinal="4" offset="55" sl="53" sc="13" el="53" ec="28" bec="0" bev="0" fileid="2" />
                <SequencePoint vc="0" uspid="38" ordinal="5" offset="61" sl="54" sc="13" el="54" ec="26" bec="0" bev="0" fileid="2" />
                <SequencePoint vc="0" uspid="39" ordinal="6" offset="69" sl="55" sc="9" el="55" ec="10" bec="0" bev="0" fileid="2" />
              </SequencePoints>
              <BranchPoints />
              <MethodPoint xsi:type="SequencePoint" vc="0" uspid="33" ordinal="0" offset="0" sl="49" sc="9" el="49" ec="10" bec="0" bev="0" fileid="2" />
            </Method>
            <Method visited="false" cyclomaticComplexity="2" nPathComplexity="2" sequenceCoverage="0" branchCoverage="0" crapScore="6" isConstructor="false" isStatic="true" isGetter="false" isSetter="false">
              <Summary numSequencePoints="10" visitedSequencePoints="0" numBranchPoints="3" visitedBranchPoints="0" sequenceCoverage="0" branchCoverage="0" maxCyclomaticComplexity="2" minCyclomaticComplexity="2" maxCrapScore="6" minCrapScore="6" visitedClasses="0" numClasses="0" visitedMethods="0" numMethods="1" />
              <MetadataToken>100663305</MetadataToken>
              <Name>Microsoft.VisualStudio.TestTools.UITesting.WinControls.WinControl CourseSystemUITest.Robot::FindWinControl(System.Type,System.String,Microsoft.VisualStudio.TestTools.UITesting.UITestControl)</Name>
              <FileRef uid="2" />
              <SequencePoints>
                <SequencePoint vc="0" uspid="40" ordinal="0" offset="0" sl="58" sc="9" el="58" ec="10" bec="0" bev="0" fileid="2" />
                <SequencePoint vc="0" uspid="41" ordinal="1" offset="1" sl="59" sc="13" el="59" ec="42" bec="2" bev="0" fileid="2" />
                <SequencePoint vc="0" uspid="42" ordinal="2" offset="16" sl="60" sc="13" el="60" ec="14" bec="0" bev="0" fileid="2" />
                <SequencePoint vc="0" uspid="43" ordinal="3" offset="17" sl="61" sc="17" el="61" ec="49" bec="0" bev="0" fileid="2" />
                <SequencePoint vc="0" uspid="44" ordinal="4" offset="36" sl="64" sc="13" el="64" ec="14" bec="0" bev="0" fileid="2" />
                <SequencePoint vc="0" uspid="45" ordinal="5" offset="37" sl="65" sc="17" el="65" ec="106" bec="0" bev="0" fileid="2" />
                <SequencePoint vc="0" uspid="46" ordinal="6" offset="59" sl="66" sc="17" el="66" ec="83" bec="0" bev="0" fileid="2" />
                <SequencePoint vc="0" uspid="47" ordinal="7" offset="77" sl="67" sc="17" el="67" ec="52" bec="0" bev="0" fileid="2" />
                <SequencePoint vc="0" uspid="48" ordinal="8" offset="85" sl="68" sc="17" el="68" ec="32" bec="0" bev="0" fileid="2" />
                <SequencePoint vc="0" uspid="49" ordinal="9" offset="89" sl="70" sc="9" el="70" ec="10" bec="0" bev="0" fileid="2" />
              </SequencePoints>
              <BranchPoints>
                <BranchPoint vc="0" uspid="50" ordinal="0" offset="14" sl="59" path="0" offsetend="16" fileid="2" />
                <BranchPoint vc="0" uspid="51" ordinal="1" offset="14" sl="59" path="1" offsetend="36" fileid="2" />
              </BranchPoints>
              <MethodPoint xsi:type="SequencePoint" vc="0" uspid="40" ordinal="0" offset="0" sl="58" sc="9" el="58" ec="10" bec="0" bev="0" fileid="2" />
            </Method>
            <Method visited="false" cyclomaticComplexity="2" nPathComplexity="2" sequenceCoverage="0" branchCoverage="0" crapScore="6" isConstructor="false" isStatic="true" isGetter="false" isSetter="false">
              <Summary numSequencePoints="10" visitedSequencePoints="0" numBranchPoints="3" visitedBranchPoints="0" sequenceCoverage="0" branchCoverage="0" maxCyclomaticComplexity="2" minCyclomaticComplexity="2" maxCrapScore="6" minCrapScore="6" visitedClasses="0" numClasses="0" visitedMethods="0" numMethods="1" />
              <MetadataToken>100663306</MetadataToken>
              <Name>Microsoft.VisualStudio.TestTools.UITesting.WinControls.WinClient CourseSystemUITest.Robot::FindPanel(System.String)</Name>
              <FileRef uid="2" />
              <SequencePoints>
                <SequencePoint vc="0" uspid="52" ordinal="0" offset="0" sl="73" sc="9" el="73" ec="10" bec="0" bev="0" fileid="2" />
                <SequencePoint vc="0" uspid="53" ordinal="1" offset="1" sl="74" sc="13" el="74" ec="43" bec="2" bev="0" fileid="2" />
                <SequencePoint vc="0" uspid="54" ordinal="2" offset="16" sl="75" sc="13" el="75" ec="14" bec="0" bev="0" fileid="2" />
                <SequencePoint vc="0" uspid="55" ordinal="3" offset="17" sl="76" sc="17" el="76" ec="49" bec="0" bev="0" fileid="2" />
                <SequencePoint vc="0" uspid="56" ordinal="4" offset="36" sl="79" sc="13" el="79" ec="14" bec="0" bev="0" fileid="2" />
                <SequencePoint vc="0" uspid="57" ordinal="5" offset="37" sl="80" sc="17" el="80" ec="54" bec="0" bev="0" fileid="2" />
                <SequencePoint vc="0" uspid="58" ordinal="6" offset="48" sl="81" sc="17" el="81" ec="79" bec="0" bev="0" fileid="2" />
                <SequencePoint vc="0" uspid="59" ordinal="7" offset="66" sl="82" sc="17" el="82" ec="40" bec="0" bev="0" fileid="2" />
                <SequencePoint vc="0" uspid="60" ordinal="8" offset="74" sl="83" sc="17" el="83" ec="28" bec="0" bev="0" fileid="2" />
                <SequencePoint vc="0" uspid="61" ordinal="9" offset="78" sl="85" sc="9" el="85" ec="10" bec="0" bev="0" fileid="2" />
              </SequencePoints>
              <BranchPoints>
                <BranchPoint vc="0" uspid="62" ordinal="0" offset="14" sl="74" path="0" offsetend="16" fileid="2" />
                <BranchPoint vc="0" uspid="63" ordinal="1" offset="14" sl="74" path="1" offsetend="36" fileid="2" />
              </BranchPoints>
              <MethodPoint xsi:type="SequencePoint" vc="0" uspid="52" ordinal="0" offset="0" sl="73" sc="9" el="73" ec="10" bec="0" bev="0" fileid="2" />
            </Method>
            <Method visited="false" cyclomaticComplexity="1" nPathComplexity="0" sequenceCoverage="0" branchCoverage="0" crapScore="2" isConstructor="false" isStatic="true" isGetter="false" isSetter="false">
              <Summary numSequencePoints="4" visitedSequencePoints="0" numBranchPoints="1" visitedBranchPoints="0" sequenceCoverage="0" branchCoverage="0" maxCyclomaticComplexity="1" minCyclomaticComplexity="1" maxCrapScore="2" minCrapScore="2" visitedClasses="0" numClasses="0" visitedMethods="0" numMethods="1" />
              <MetadataToken>100663307</MetadataToken>
              <Name>System.Void CourseSystemUITest.Robot::CacheFound(Microsoft.VisualStudio.TestTools.UITesting.UITestControl,System.String)</Name>
              <FileRef uid="2" />
              <SequencePoints>
                <SequencePoint vc="0" uspid="64" ordinal="0" offset="0" sl="88" sc="9" el="88" ec="10" bec="0" bev="0" fileid="2" />
                <SequencePoint vc="0" uspid="65" ordinal="1" offset="1" sl="89" sc="13" el="89" ec="28" bec="0" bev="0" fileid="2" />
                <SequencePoint vc="0" uspid="66" ordinal="2" offset="8" sl="90" sc="13" el="90" ec="39" bec="0" bev="0" fileid="2" />
                <SequencePoint vc="0" uspid="67" ordinal="3" offset="21" sl="91" sc="9" el="91" ec="10" bec="0" bev="0" fileid="2" />
              </SequencePoints>
              <BranchPoints />
              <MethodPoint xsi:type="SequencePoint" vc="0" uspid="64" ordinal="0" offset="0" sl="88" sc="9" el="88" ec="10" bec="0" bev="0" fileid="2" />
            </Method>
            <Method visited="false" cyclomaticComplexity="2" nPathComplexity="2" sequenceCoverage="0" branchCoverage="0" crapScore="6" isConstructor="false" isStatic="true" isGetter="false" isSetter="false">
              <Summary numSequencePoints="7" visitedSequencePoints="0" numBranchPoints="3" visitedBranchPoints="0" sequenceCoverage="0" branchCoverage="0" maxCyclomaticComplexity="2" minCyclomaticComplexity="2" maxCrapScore="6" minCrapScore="6" visitedClasses="0" numClasses="0" visitedMethods="0" numMethods="1" />
              <MetadataToken>100663308</MetadataToken>
              <Name>System.Void CourseSystemUITest.Robot::CacheComponentFound(Microsoft.VisualStudio.TestTools.UITesting.UITestControl,System.String)</Name>
              <FileRef uid="2" />
              <SequencePoints>
                <SequencePoint vc="0" uspid="68" ordinal="0" offset="0" sl="94" sc="9" el="94" ec="10" bec="0" bev="0" fileid="2" />
                <SequencePoint vc="0" uspid="69" ordinal="1" offset="1" sl="95" sc="13" el="95" ec="28" bec="0" bev="0" fileid="2" />
                <SequencePoint vc="0" uspid="70" ordinal="2" offset="8" sl="96" sc="13" el="96" ec="33" bec="2" bev="0" fileid="2" />
                <SequencePoint vc="0" uspid="71" ordinal="3" offset="21" sl="97" sc="13" el="97" ec="14" bec="0" bev="0" fileid="2" />
                <SequencePoint vc="0" uspid="72" ordinal="4" offset="22" sl="98" sc="17" el="98" ec="66" bec="0" bev="0" fileid="2" />
                <SequencePoint vc="0" uspid="73" ordinal="5" offset="33" sl="100" sc="13" el="100" ec="39" bec="0" bev="0" fileid="2" />
                <SequencePoint vc="0" uspid="74" ordinal="6" offset="46" sl="101" sc="9" el="101" ec="10" bec="0" bev="0" fileid="2" />
              </SequencePoints>
              <BranchPoints>
                <BranchPoint vc="0" uspid="75" ordinal="0" offset="19" sl="96" path="0" offsetend="21" fileid="2" />
                <BranchPoint vc="0" uspid="76" ordinal="1" offset="19" sl="96" path="1" offsetend="33" fileid="2" />
              </BranchPoints>
              <MethodPoint xsi:type="SequencePoint" vc="0" uspid="68" ordinal="0" offset="0" sl="94" sc="9" el="94" ec="10" bec="0" bev="0" fileid="2" />
            </Method>
            <Method visited="false" cyclomaticComplexity="2" nPathComplexity="0" sequenceCoverage="0" branchCoverage="0" crapScore="6" isConstructor="false" isStatic="true" isGetter="false" isSetter="false">
              <Summary numSequencePoints="9" visitedSequencePoints="0" numBranchPoints="1" visitedBranchPoints="0" sequenceCoverage="0" branchCoverage="0" maxCyclomaticComplexity="2" minCyclomaticComplexity="2" maxCrapScore="6" minCrapScore="6" visitedClasses="0" numClasses="0" visitedMethods="0" numMethods="1" />
              <MetadataToken>100663309</MetadataToken>
              <Name>System.Void CourseSystemUITest.Robot::ClickMenuItem(System.String[])</Name>
              <FileRef uid="2" />
              <SequencePoints>
                <SequencePoint vc="0" uspid="77" ordinal="0" offset="0" sl="104" sc="9" el="104" ec="10" bec="0" bev="0" fileid="2" />
                <SequencePoint vc="0" uspid="78" ordinal="1" offset="1" sl="105" sc="13" el="105" ec="20" bec="0" bev="0" fileid="2" />
                <SequencePoint vc="0" uspid="79" ordinal="2" offset="2" sl="105" sc="37" el="105" ec="41" bec="0" bev="0" fileid="2" />
                <SequencePoint vc="0" uspid="80" ordinal="3" offset="8" sl="105" sc="22" el="105" ec="33" bec="0" bev="0" fileid="2" />
                <SequencePoint vc="0" uspid="81" ordinal="4" offset="12" sl="106" sc="13" el="106" ec="14" bec="0" bev="0" fileid="2" />
                <SequencePoint vc="0" uspid="82" ordinal="5" offset="13" sl="107" sc="17" el="107" ec="98" bec="0" bev="0" fileid="2" />
                <SequencePoint vc="0" uspid="83" ordinal="6" offset="45" sl="108" sc="13" el="108" ec="14" bec="0" bev="0" fileid="2" />
                <SequencePoint vc="0" uspid="84" ordinal="7" offset="50" sl="105" sc="34" el="105" ec="36" bec="0" bev="0" fileid="2" />
                <SequencePoint vc="0" uspid="85" ordinal="8" offset="56" sl="109" sc="9" el="109" ec="10" bec="0" bev="0" fileid="2" />
              </SequencePoints>
              <BranchPoints />
              <MethodPoint xsi:type="SequencePoint" vc="0" uspid="77" ordinal="0" offset="0" sl="104" sc="9" el="104" ec="10" bec="0" bev="0" fileid="2" />
            </Method>
            <Method visited="false" cyclomaticComplexity="1" nPathComplexity="0" sequenceCoverage="0" branchCoverage="0" crapScore="2" isConstructor="false" isStatic="true" isGetter="false" isSetter="false">
              <Summary numSequencePoints="4" visitedSequencePoints="0" numBranchPoints="1" visitedBranchPoints="0" sequenceCoverage="0" branchCoverage="0" maxCyclomaticComplexity="1" minCyclomaticComplexity="1" maxCrapScore="2" minCrapScore="2" visitedClasses="0" numClasses="0" visitedMethods="0" numMethods="1" />
              <MetadataToken>100663310</MetadataToken>
              <Name>System.Void CourseSystemUITest.Robot::ClickDateTimePicker(System.String[])</Name>
              <FileRef uid="2" />
              <SequencePoints>
                <SequencePoint vc="0" uspid="88" ordinal="0" offset="0" sl="112" sc="9" el="112" ec="10" bec="0" bev="0" fileid="2" />
                <SequencePoint vc="0" uspid="89" ordinal="1" offset="1" sl="113" sc="13" el="113" ec="131" bec="0" bev="0" fileid="2" />
                <SequencePoint vc="0" uspid="90" ordinal="2" offset="30" sl="114" sc="13" el="114" ec="93" bec="0" bev="0" fileid="2" />
                <SequencePoint vc="0" uspid="91" ordinal="3" offset="87" sl="115" sc="9" el="115" ec="10" bec="0" bev="0" fileid="2" />
              </SequencePoints>
              <BranchPoints />
              <MethodPoint xsi:type="SequencePoint" vc="0" uspid="88" ordinal="0" offset="0" sl="112" sc="9" el="112" ec="10" bec="0" bev="0" fileid="2" />
            </Method>
            <Method visited="false" cyclomaticComplexity="1" nPathComplexity="0" sequenceCoverage="0" branchCoverage="0" crapScore="2" isConstructor="false" isStatic="true" isGetter="false" isSetter="false">
              <Summary numSequencePoints="4" visitedSequencePoints="0" numBranchPoints="1" visitedBranchPoints="0" sequenceCoverage="0" branchCoverage="0" maxCyclomaticComplexity="1" minCyclomaticComplexity="1" maxCrapScore="2" minCrapScore="2" visitedClasses="0" numClasses="0" visitedMethods="0" numMethods="1" />
              <MetadataToken>100663311</MetadataToken>
              <Name>System.Void CourseSystemUITest.Robot::ClickButton(System.String)</Name>
              <FileRef uid="2" />
              <SequencePoints>
                <SequencePoint vc="0" uspid="92" ordinal="0" offset="0" sl="118" sc="9" el="118" ec="10" bec="0" bev="0" fileid="2" />
                <SequencePoint vc="0" uspid="93" ordinal="1" offset="1" sl="119" sc="13" el="119" ec="96" bec="0" bev="0" fileid="2" />
                <SequencePoint vc="0" uspid="94" ordinal="2" offset="28" sl="120" sc="13" el="120" ec="33" bec="0" bev="0" fileid="2" />
                <SequencePoint vc="0" uspid="95" ordinal="3" offset="35" sl="121" sc="9" el="121" ec="10" bec="0" bev="0" fileid="2" />
              </SequencePoints>
              <BranchPoints />
              <MethodPoint xsi:type="SequencePoint" vc="0" uspid="92" ordinal="0" offset="0" sl="118" sc="9" el="118" ec="10" bec="0" bev="0" fileid="2" />
            </Method>
            <Method visited="false" cyclomaticComplexity="1" nPathComplexity="0" sequenceCoverage="0" branchCoverage="0" crapScore="2" isConstructor="false" isStatic="true" isGetter="false" isSetter="false">
              <Summary numSequencePoints="3" visitedSequencePoints="0" numBranchPoints="1" visitedBranchPoints="0" sequenceCoverage="0" branchCoverage="0" maxCyclomaticComplexity="1" minCyclomaticComplexity="1" maxCrapScore="2" minCrapScore="2" visitedClasses="0" numClasses="0" visitedMethods="0" numMethods="1" />
              <MetadataToken>100663312</MetadataToken>
              <Name>System.Void CourseSystemUITest.Robot::ClickTabControl(System.String)</Name>
              <FileRef uid="2" />
              <SequencePoints>
                <SequencePoint vc="0" uspid="96" ordinal="0" offset="0" sl="124" sc="9" el="124" ec="10" bec="0" bev="0" fileid="2" />
                <SequencePoint vc="0" uspid="97" ordinal="1" offset="1" sl="125" sc="13" el="125" ec="92" bec="0" bev="0" fileid="2" />
                <SequencePoint vc="0" uspid="98" ordinal="2" offset="33" sl="126" sc="9" el="126" ec="10" bec="0" bev="0" fileid="2" />
              </SequencePoints>
              <BranchPoints />
              <MethodPoint xsi:type="SequencePoint" vc="0" uspid="96" ordinal="0" offset="0" sl="124" sc="9" el="124" ec="10" bec="0" bev="0" fileid="2" />
            </Method>
            <Method visited="false" cyclomaticComplexity="2" nPathComplexity="0" sequenceCoverage="0" branchCoverage="0" crapScore="6" isConstructor="false" isStatic="true" isGetter="false" isSetter="false">
              <Summary numSequencePoints="15" visitedSequencePoints="0" numBranchPoints="1" visitedBranchPoints="0" sequenceCoverage="0" branchCoverage="0" maxCyclomaticComplexity="2" minCyclomaticComplexity="2" maxCrapScore="6" minCrapScore="6" visitedClasses="0" numClasses="0" visitedMethods="0" numMethods="1" />
              <MetadataToken>100663313</MetadataToken>
              <Name>System.Void CourseSystemUITest.Robot::SelectFileByOpenFileDialog(System.String,System.String[])</Name>
              <FileRef uid="2" />
              <SequencePoints>
                <SequencePoint vc="0" uspid="99" ordinal="0" offset="0" sl="134" sc="9" el="134" ec="10" bec="0" bev="0" fileid="2" />
                <SequencePoint vc="0" uspid="100" ordinal="1" offset="1" sl="135" sc="13" el="135" ec="116" bec="0" bev="0" fileid="2" />
                <SequencePoint vc="0" uspid="101" ordinal="2" offset="24" sl="136" sc="13" el="136" ec="122" bec="0" bev="0" fileid="2" />
                <SequencePoint vc="0" uspid="102" ordinal="3" offset="51" sl="137" sc="13" el="137" ec="20" bec="0" bev="0" fileid="2" />
                <SequencePoint vc="0" uspid="103" ordinal="4" offset="52" sl="137" sc="34" el="137" ec="42" bec="0" bev="0" fileid="2" />
                <SequencePoint vc="0" uspid="104" ordinal="5" offset="58" sl="137" sc="22" el="137" ec="30" bec="0" bev="0" fileid="2" />
                <SequencePoint vc="0" uspid="105" ordinal="6" offset="63" sl="138" sc="13" el="138" ec="14" bec="0" bev="0" fileid="2" />
                <SequencePoint vc="0" uspid="106" ordinal="7" offset="64" sl="139" sc="17" el="139" ec="81" bec="0" bev="0" fileid="2" />
                <SequencePoint vc="0" uspid="107" ordinal="8" offset="72" sl="140" sc="17" el="140" ec="93" bec="0" bev="0" fileid="2" />
                <SequencePoint vc="0" uspid="108" ordinal="9" offset="92" sl="142" sc="17" el="142" ec="69" bec="0" bev="0" fileid="2" />
                <SequencePoint vc="0" uspid="109" ordinal="10" offset="101" sl="143" sc="17" el="143" ec="78" bec="0" bev="0" fileid="2" />
                <SequencePoint vc="0" uspid="110" ordinal="11" offset="124" sl="145" sc="17" el="145" ec="45" bec="0" bev="0" fileid="2" />
                <SequencePoint vc="0" uspid="111" ordinal="12" offset="132" sl="146" sc="13" el="146" ec="14" bec="0" bev="0" fileid="2" />
                <SequencePoint vc="0" uspid="112" ordinal="13" offset="137" sl="137" sc="31" el="137" ec="33" bec="0" bev="0" fileid="2" />
                <SequencePoint vc="0" uspid="113" ordinal="14" offset="143" sl="147" sc="9" el="147" ec="10" bec="0" bev="0" fileid="2" />
              </SequencePoints>
              <BranchPoints />
              <MethodPoint xsi:type="SequencePoint" vc="0" uspid="99" ordinal="0" offset="0" sl="134" sc="9" el="134" ec="10" bec="0" bev="0" fileid="2" />
            </Method>
            <Method visited="false" cyclomaticComplexity="2" nPathComplexity="2" sequenceCoverage="0" branchCoverage="0" crapScore="6" isConstructor="false" isStatic="true" isGetter="false" isSetter="false">
              <Summary numSequencePoints="5" visitedSequencePoints="0" numBranchPoints="3" visitedBranchPoints="0" sequenceCoverage="0" branchCoverage="0" maxCyclomaticComplexity="2" minCyclomaticComplexity="2" maxCrapScore="6" minCrapScore="6" visitedClasses="0" numClasses="0" visitedMethods="0" numMethods="1" />
              <MetadataToken>100663314</MetadataToken>
              <Name>System.Void CourseSystemUITest.Robot::SetEdit(System.String,System.String)</Name>
              <FileRef uid="2" />
              <SequencePoints>
                <SequencePoint vc="0" uspid="116" ordinal="0" offset="0" sl="150" sc="9" el="150" ec="10" bec="0" bev="0" fileid="2" />
                <SequencePoint vc="0" uspid="117" ordinal="1" offset="1" sl="151" sc="13" el="151" ec="88" bec="0" bev="0" fileid="2" />
                <SequencePoint vc="0" uspid="118" ordinal="2" offset="28" sl="152" sc="13" el="152" ec="35" bec="2" bev="0" fileid="2" />
                <SequencePoint vc="0" uspid="119" ordinal="3" offset="44" sl="153" sc="17" el="153" ec="34" bec="0" bev="0" fileid="2" />
                <SequencePoint vc="0" uspid="120" ordinal="4" offset="52" sl="154" sc="9" el="154" ec="10" bec="0" bev="0" fileid="2" />
              </SequencePoints>
              <BranchPoints>
                <BranchPoint vc="0" uspid="121" ordinal="0" offset="42" sl="152" path="0" offsetend="44" fileid="2" />
                <BranchPoint vc="0" uspid="122" ordinal="1" offset="42" sl="152" path="1" offsetend="52" fileid="2" />
              </BranchPoints>
              <MethodPoint xsi:type="SequencePoint" vc="0" uspid="116" ordinal="0" offset="0" sl="150" sc="9" el="150" ec="10" bec="0" bev="0" fileid="2" />
            </Method>
            <Method visited="false" cyclomaticComplexity="1" nPathComplexity="0" sequenceCoverage="0" branchCoverage="0" crapScore="2" isConstructor="false" isStatic="true" isGetter="false" isSetter="false">
              <Summary numSequencePoints="8" visitedSequencePoints="0" numBranchPoints="1" visitedBranchPoints="0" sequenceCoverage="0" branchCoverage="0" maxCyclomaticComplexity="1" minCyclomaticComplexity="1" maxCrapScore="2" minCrapScore="2" visitedClasses="0" numClasses="0" visitedMethods="0" numMethods="1" />
              <MetadataToken>100663315</MetadataToken>
              <Name>System.Void CourseSystemUITest.Robot::AssertOtherFormEdit(System.String,System.String,System.String)</Name>
              <FileRef uid="2" />
              <SequencePoints>
                <SequencePoint vc="0" uspid="123" ordinal="0" offset="0" sl="157" sc="9" el="157" ec="10" bec="0" bev="0" fileid="2" />
                <SequencePoint vc="0" uspid="124" ordinal="1" offset="1" sl="158" sc="13" el="158" ec="48" bec="0" bev="0" fileid="2" />
                <SequencePoint vc="0" uspid="125" ordinal="2" offset="7" sl="159" sc="13" el="159" ec="78" bec="0" bev="0" fileid="2" />
                <SequencePoint vc="0" uspid="126" ordinal="3" offset="25" sl="160" sc="13" el="160" ec="47" bec="0" bev="0" fileid="2" />
                <SequencePoint vc="0" uspid="127" ordinal="4" offset="38" sl="161" sc="13" el="161" ec="48" bec="0" bev="0" fileid="2" />
                <SequencePoint vc="0" uspid="128" ordinal="5" offset="45" sl="162" sc="13" el="162" ec="76" bec="0" bev="0" fileid="2" />
                <SequencePoint vc="0" uspid="129" ordinal="6" offset="63" sl="163" sc="13" el="163" ec="53" bec="0" bev="0" fileid="2" />
                <SequencePoint vc="0" uspid="130" ordinal="7" offset="76" sl="164" sc="9" el="164" ec="10" bec="0" bev="0" fileid="2" />
              </SequencePoints>
              <BranchPoints />
              <MethodPoint xsi:type="SequencePoint" vc="0" uspid="123" ordinal="0" offset="0" sl="157" sc="9" el="157" ec="10" bec="0" bev="0" fileid="2" />
            </Method>
            <Method visited="false" cyclomaticComplexity="2" nPathComplexity="2" sequenceCoverage="0" branchCoverage="0" crapScore="6" isConstructor="false" isStatic="true" isGetter="false" isSetter="false">
              <Summary numSequencePoints="9" visitedSequencePoints="0" numBranchPoints="3" visitedBranchPoints="0" sequenceCoverage="0" branchCoverage="0" maxCyclomaticComplexity="2" minCyclomaticComplexity="2" maxCrapScore="6" minCrapScore="6" visitedClasses="0" numClasses="0" visitedMethods="0" numMethods="1" />
              <MetadataToken>100663316</MetadataToken>
              <Name>System.Void CourseSystemUITest.Robot::SetOtherFormEdit(System.String,System.String,System.String)</Name>
              <FileRef uid="2" />
              <SequencePoints>
                <SequencePoint vc="0" uspid="131" ordinal="0" offset="0" sl="167" sc="9" el="167" ec="10" bec="0" bev="0" fileid="2" />
                <SequencePoint vc="0" uspid="132" ordinal="1" offset="1" sl="168" sc="13" el="168" ec="48" bec="0" bev="0" fileid="2" />
                <SequencePoint vc="0" uspid="133" ordinal="2" offset="7" sl="169" sc="13" el="169" ec="78" bec="0" bev="0" fileid="2" />
                <SequencePoint vc="0" uspid="134" ordinal="3" offset="25" sl="170" sc="13" el="170" ec="47" bec="0" bev="0" fileid="2" />
                <SequencePoint vc="0" uspid="135" ordinal="4" offset="38" sl="171" sc="13" el="171" ec="48" bec="0" bev="0" fileid="2" />
                <SequencePoint vc="0" uspid="136" ordinal="5" offset="45" sl="172" sc="13" el="172" ec="76" bec="0" bev="0" fileid="2" />
                <SequencePoint vc="0" uspid="137" ordinal="6" offset="63" sl="173" sc="13" el="173" ec="35" bec="2" bev="0" fileid="2" />
                <SequencePoint vc="0" uspid="138" ordinal="7" offset="79" sl="174" sc="17" el="174" ec="34" bec="0" bev="0" fileid="2" />
                <SequencePoint vc="0" uspid="139" ordinal="8" offset="87" sl="175" sc="9" el="175" ec="10" bec="0" bev="0" fileid="2" />
              </SequencePoints>
              <BranchPoints>
                <BranchPoint vc="0" uspid="140" ordinal="0" offset="77" sl="173" path="0" offsetend="79" fileid="2" />
                <BranchPoint vc="0" uspid="141" ordinal="1" offset="77" sl="173" path="1" offsetend="87" fileid="2" />
              </BranchPoints>
              <MethodPoint xsi:type="SequencePoint" vc="0" uspid="131" ordinal="0" offset="0" sl="167" sc="9" el="167" ec="10" bec="0" bev="0" fileid="2" />
            </Method>
            <Method visited="false" cyclomaticComplexity="1" nPathComplexity="0" sequenceCoverage="0" branchCoverage="0" crapScore="2" isConstructor="false" isStatic="true" isGetter="false" isSetter="false">
              <Summary numSequencePoints="8" visitedSequencePoints="0" numBranchPoints="1" visitedBranchPoints="0" sequenceCoverage="0" branchCoverage="0" maxCyclomaticComplexity="1" minCyclomaticComplexity="1" maxCrapScore="2" minCrapScore="2" visitedClasses="0" numClasses="0" visitedMethods="0" numMethods="1" />
              <MetadataToken>100663317</MetadataToken>
              <Name>System.Void CourseSystemUITest.Robot::ClickOtherFormButton(System.String,System.String)</Name>
              <FileRef uid="2" />
              <SequencePoints>
                <SequencePoint vc="0" uspid="142" ordinal="0" offset="0" sl="178" sc="9" el="178" ec="10" bec="0" bev="0" fileid="2" />
                <SequencePoint vc="0" uspid="143" ordinal="1" offset="1" sl="179" sc="13" el="179" ec="48" bec="0" bev="0" fileid="2" />
                <SequencePoint vc="0" uspid="144" ordinal="2" offset="7" sl="180" sc="13" el="180" ec="78" bec="0" bev="0" fileid="2" />
                <SequencePoint vc="0" uspid="145" ordinal="3" offset="25" sl="181" sc="13" el="181" ec="47" bec="0" bev="0" fileid="2" />
                <SequencePoint vc="0" uspid="146" ordinal="4" offset="38" sl="182" sc="13" el="182" ec="54" bec="0" bev="0" fileid="2" />
                <SequencePoint vc="0" uspid="147" ordinal="5" offset="45" sl="183" sc="13" el="183" ec="80" bec="0" bev="0" fileid="2" />
                <SequencePoint vc="0" uspid="148" ordinal="6" offset="63" sl="184" sc="13" el="184" ec="33" bec="0" bev="0" fileid="2" />
                <SequencePoint vc="0" uspid="149" ordinal="7" offset="70" sl="185" sc="9" el="185" ec="10" bec="0" bev="0" fileid="2" />
              </SequencePoints>
              <BranchPoints />
              <MethodPoint xsi:type="SequencePoint" vc="0" uspid="142" ordinal="0" offset="0" sl="178" sc="9" el="178" ec="10" bec="0" bev="0" fileid="2" />
            </Method>
            <Method visited="false" cyclomaticComplexity="1" nPathComplexity="0" sequenceCoverage="0" branchCoverage="0" crapScore="2" isConstructor="false" isStatic="true" isGetter="false" isSetter="false">
              <Summary numSequencePoints="9" visitedSequencePoints="0" numBranchPoints="1" visitedBranchPoints="0" sequenceCoverage="0" branchCoverage="0" maxCyclomaticComplexity="1" minCyclomaticComplexity="1" maxCrapScore="2" minCrapScore="2" visitedClasses="0" numClasses="0" visitedMethods="0" numMethods="1" />
              <MetadataToken>100663318</MetadataToken>
              <Name>System.Void CourseSystemUITest.Robot::CloseWindow(System.String)</Name>
              <FileRef uid="2" />
              <SequencePoints>
                <SequencePoint vc="0" uspid="150" ordinal="0" offset="0" sl="188" sc="9" el="188" ec="10" bec="0" bev="0" fileid="2" />
                <SequencePoint vc="0" uspid="151" ordinal="1" offset="1" sl="189" sc="13" el="189" ec="48" bec="0" bev="0" fileid="2" />
                <SequencePoint vc="0" uspid="152" ordinal="2" offset="7" sl="190" sc="13" el="190" ec="74" bec="0" bev="0" fileid="2" />
                <SequencePoint vc="0" uspid="153" ordinal="3" offset="25" sl="191" sc="13" el="191" ec="43" bec="0" bev="0" fileid="2" />
                <SequencePoint vc="0" uspid="154" ordinal="4" offset="38" sl="192" sc="13" el="192" ec="55" bec="0" bev="0" fileid="2" />
                <SequencePoint vc="0" uspid="155" ordinal="5" offset="45" sl="193" sc="13" el="193" ec="51" bec="0" bev="0" fileid="2" />
                <SequencePoint vc="0" uspid="156" ordinal="6" offset="52" sl="195" sc="13" el="195" ec="74" bec="0" bev="0" fileid="2" />
                <SequencePoint vc="0" uspid="157" ordinal="7" offset="74" sl="196" sc="13" el="196" ec="33" bec="0" bev="0" fileid="2" />
                <SequencePoint vc="0" uspid="158" ordinal="8" offset="81" sl="197" sc="9" el="197" ec="10" bec="0" bev="0" fileid="2" />
              </SequencePoints>
              <BranchPoints />
              <MethodPoint xsi:type="SequencePoint" vc="0" uspid="150" ordinal="0" offset="0" sl="188" sc="9" el="188" ec="10" bec="0" bev="0" fileid="2" />
            </Method>
            <Method visited="false" cyclomaticComplexity="1" nPathComplexity="0" sequenceCoverage="0" branchCoverage="0" crapScore="2" isConstructor="false" isStatic="true" isGetter="false" isSetter="false">
              <Summary numSequencePoints="8" visitedSequencePoints="0" numBranchPoints="1" visitedBranchPoints="0" sequenceCoverage="0" branchCoverage="0" maxCyclomaticComplexity="1" minCyclomaticComplexity="1" maxCrapScore="2" minCrapScore="2" visitedClasses="0" numClasses="0" visitedMethods="0" numMethods="1" />
              <MetadataToken>100663319</MetadataToken>
              <Name>System.Void CourseSystemUITest.Robot::AssertOtherFormButtonEnable(System.String,System.String,System.Boolean)</Name>
              <FileRef uid="2" />
              <SequencePoints>
                <SequencePoint vc="0" uspid="159" ordinal="0" offset="0" sl="200" sc="9" el="200" ec="10" bec="0" bev="0" fileid="2" />
                <SequencePoint vc="0" uspid="160" ordinal="1" offset="1" sl="201" sc="13" el="201" ec="48" bec="0" bev="0" fileid="2" />
                <SequencePoint vc="0" uspid="161" ordinal="2" offset="7" sl="202" sc="13" el="202" ec="78" bec="0" bev="0" fileid="2" />
                <SequencePoint vc="0" uspid="162" ordinal="3" offset="25" sl="203" sc="13" el="203" ec="47" bec="0" bev="0" fileid="2" />
                <SequencePoint vc="0" uspid="163" ordinal="4" offset="38" sl="204" sc="13" el="204" ec="54" bec="0" bev="0" fileid="2" />
                <SequencePoint vc="0" uspid="164" ordinal="5" offset="45" sl="205" sc="13" el="205" ec="80" bec="0" bev="0" fileid="2" />
                <SequencePoint vc="0" uspid="165" ordinal="6" offset="63" sl="206" sc="13" el="206" ec="58" bec="0" bev="0" fileid="2" />
                <SequencePoint vc="0" uspid="166" ordinal="7" offset="76" sl="207" sc="9" el="207" ec="10" bec="0" bev="0" fileid="2" />
              </SequencePoints>
              <BranchPoints />
              <MethodPoint xsi:type="SequencePoint" vc="0" uspid="159" ordinal="0" offset="0" sl="200" sc="9" el="200" ec="10" bec="0" bev="0" fileid="2" />
            </Method>
            <Method visited="false" cyclomaticComplexity="1" nPathComplexity="0" sequenceCoverage="0" branchCoverage="0" crapScore="2" isConstructor="false" isStatic="true" isGetter="false" isSetter="false">
              <Summary numSequencePoints="7" visitedSequencePoints="0" numBranchPoints="1" visitedBranchPoints="0" sequenceCoverage="0" branchCoverage="0" maxCyclomaticComplexity="1" minCyclomaticComplexity="1" maxCrapScore="2" minCrapScore="2" visitedClasses="0" numClasses="0" visitedMethods="0" numMethods="1" />
              <MetadataToken>100663320</MetadataToken>
              <Name>System.Void CourseSystemUITest.Robot::ClickDataGridViewCell(System.String,System.String,System.String)</Name>
              <FileRef uid="2" />
              <SequencePoints>
                <SequencePoint vc="0" uspid="167" ordinal="0" offset="0" sl="216" sc="9" el="216" ec="10" bec="0" bev="0" fileid="2" />
                <SequencePoint vc="0" uspid="168" ordinal="1" offset="1" sl="217" sc="13" el="217" ec="92" bec="0" bev="0" fileid="2" />
                <SequencePoint vc="0" uspid="169" ordinal="2" offset="28" sl="218" sc="13" el="218" ec="44" bec="0" bev="0" fileid="2" />
                <SequencePoint vc="0" uspid="170" ordinal="3" offset="35" sl="219" sc="13" el="219" ec="79" bec="0" bev="0" fileid="2" />
                <SequencePoint vc="0" uspid="171" ordinal="4" offset="53" sl="220" sc="13" el="220" ec="68" bec="0" bev="0" fileid="2" />
                <SequencePoint vc="0" uspid="172" ordinal="5" offset="60" sl="221" sc="13" el="221" ec="59" bec="0" bev="0" fileid="2" />
                <SequencePoint vc="0" uspid="173" ordinal="6" offset="78" sl="222" sc="9" el="222" ec="10" bec="0" bev="0" fileid="2" />
              </SequencePoints>
              <BranchPoints />
              <MethodPoint xsi:type="SequencePoint" vc="0" uspid="167" ordinal="0" offset="0" sl="216" sc="9" el="216" ec="10" bec="0" bev="0" fileid="2" />
            </Method>
            <Method visited="false" cyclomaticComplexity="2" nPathComplexity="2" sequenceCoverage="0" branchCoverage="0" crapScore="6" isConstructor="false" isStatic="true" isGetter="false" isSetter="false">
              <Summary numSequencePoints="21" visitedSequencePoints="0" numBranchPoints="3" visitedBranchPoints="0" sequenceCoverage="0" branchCoverage="0" maxCyclomaticComplexity="2" minCyclomaticComplexity="2" maxCrapScore="6" minCrapScore="6" visitedClasses="0" numClasses="0" visitedMethods="0" numMethods="1" />
              <MetadataToken>100663321</MetadataToken>
              <Name>System.Void CourseSystemUITest.Robot::DeleteDataGridViewByIndex(System.String[])</Name>
              <FileRef uid="2" />
              <SequencePoints>
                <SequencePoint vc="0" uspid="174" ordinal="0" offset="0" sl="225" sc="9" el="225" ec="10" bec="0" bev="0" fileid="2" />
                <SequencePoint vc="0" uspid="175" ordinal="1" offset="1" sl="226" sc="13" el="226" ec="95" bec="0" bev="0" fileid="2" />
                <SequencePoint vc="0" uspid="176" ordinal="2" offset="30" sl="227" sc="13" el="227" ec="44" bec="0" bev="0" fileid="2" />
                <SequencePoint vc="0" uspid="177" ordinal="3" offset="37" sl="228" sc="13" el="228" ec="41" bec="2" bev="0" fileid="2" />
                <SequencePoint vc="0" uspid="178" ordinal="4" offset="56" sl="229" sc="13" el="229" ec="14" bec="0" bev="0" fileid="2" />
                <SequencePoint vc="0" uspid="179" ordinal="5" offset="57" sl="230" sc="17" el="230" ec="77" bec="0" bev="0" fileid="2" />
                <SequencePoint vc="0" uspid="180" ordinal="6" offset="69" sl="231" sc="13" el="231" ec="14" bec="0" bev="0" fileid="2" />
                <SequencePoint vc="0" uspid="181" ordinal="7" offset="72" sl="233" sc="13" el="233" ec="14" bec="0" bev="0" fileid="2" />
                <SequencePoint vc="0" uspid="182" ordinal="8" offset="73" sl="234" sc="17" el="234" ec="82" bec="0" bev="0" fileid="2" />
                <SequencePoint vc="0" uspid="183" ordinal="9" offset="93" sl="235" sc="17" el="235" ec="28" bec="0" bev="0" fileid="2" />
                <SequencePoint vc="0" uspid="184" ordinal="10" offset="100" sl="236" sc="17" el="236" ec="72" bec="0" bev="0" fileid="2" />
                <SequencePoint vc="0" uspid="185" ordinal="11" offset="108" sl="237" sc="17" el="237" ec="44" bec="0" bev="0" fileid="2" />
                <SequencePoint vc="0" uspid="186" ordinal="12" offset="122" sl="238" sc="17" el="238" ec="85" bec="0" bev="0" fileid="2" />
                <SequencePoint vc="0" uspid="187" ordinal="13" offset="141" sl="239" sc="13" el="239" ec="14" bec="0" bev="0" fileid="2" />
                <SequencePoint vc="0" uspid="188" ordinal="14" offset="142" sl="240" sc="13" el="240" ec="48" bec="0" bev="0" fileid="2" />
                <SequencePoint vc="0" uspid="189" ordinal="15" offset="148" sl="241" sc="13" el="241" ec="48" bec="0" bev="0" fileid="2" />
                <SequencePoint vc="0" uspid="190" ordinal="16" offset="155" sl="242" sc="13" el="242" ec="73" bec="0" bev="0" fileid="2" />
                <SequencePoint vc="0" uspid="191" ordinal="17" offset="175" sl="243" sc="13" el="243" ec="54" bec="0" bev="0" fileid="2" />
                <SequencePoint vc="0" uspid="192" ordinal="18" offset="183" sl="244" sc="13" el="244" ec="77" bec="0" bev="0" fileid="2" />
                <SequencePoint vc="0" uspid="193" ordinal="19" offset="204" sl="245" sc="13" el="245" ec="31" bec="0" bev="0" fileid="2" />
                <SequencePoint vc="0" uspid="194" ordinal="20" offset="212" sl="246" sc="9" el="246" ec="10" bec="0" bev="0" fileid="2" />
              </SequencePoints>
              <BranchPoints>
                <BranchPoint vc="0" uspid="195" ordinal="0" offset="54" sl="228" path="0" offsetend="56" fileid="2" />
                <BranchPoint vc="0" uspid="196" ordinal="1" offset="54" sl="228" path="1" offsetend="72" fileid="2" />
              </BranchPoints>
              <MethodPoint xsi:type="SequencePoint" vc="0" uspid="174" ordinal="0" offset="0" sl="225" sc="9" el="225" ec="10" bec="0" bev="0" fileid="2" />
            </Method>
            <Method visited="false" cyclomaticComplexity="2" nPathComplexity="2" sequenceCoverage="0" branchCoverage="0" crapScore="6" isConstructor="false" isStatic="true" isGetter="false" isSetter="false">
              <Summary numSequencePoints="13" visitedSequencePoints="0" numBranchPoints="3" visitedBranchPoints="0" sequenceCoverage="0" branchCoverage="0" maxCyclomaticComplexity="2" minCyclomaticComplexity="2" maxCrapScore="6" minCrapScore="6" visitedClasses="0" numClasses="0" visitedMethods="0" numMethods="1" />
              <MetadataToken>100663322</MetadataToken>
              <Name>System.Void CourseSystemUITest.Robot::ClickListViewByValue(System.String,System.String)</Name>
              <FileRef uid="2" />
              <SequencePoints>
                <SequencePoint vc="0" uspid="197" ordinal="0" offset="0" sl="249" sc="9" el="249" ec="10" bec="0" bev="0" fileid="2" />
                <SequencePoint vc="0" uspid="198" ordinal="1" offset="1" sl="250" sc="13" el="250" ec="48" bec="0" bev="0" fileid="2" />
                <SequencePoint vc="0" uspid="199" ordinal="2" offset="7" sl="252" sc="13" el="252" ec="84" bec="0" bev="0" fileid="2" />
                <SequencePoint vc="0" uspid="200" ordinal="3" offset="25" sl="253" sc="13" el="253" ec="48" bec="0" bev="0" fileid="2" />
                <SequencePoint vc="0" uspid="201" ordinal="4" offset="32" sl="254" sc="13" el="254" ec="48" bec="0" bev="0" fileid="2" />
                <SequencePoint vc="0" uspid="202" ordinal="5" offset="49" sl="255" sc="13" el="255" ec="38" bec="2" bev="0" fileid="2" />
                <SequencePoint vc="0" uspid="203" ordinal="6" offset="64" sl="256" sc="13" el="256" ec="14" bec="0" bev="0" fileid="2" />
                <SequencePoint vc="0" uspid="204" ordinal="7" offset="65" sl="257" sc="17" el="257" ec="35" bec="0" bev="0" fileid="2" />
                <SequencePoint vc="0" uspid="205" ordinal="8" offset="72" sl="258" sc="13" el="258" ec="14" bec="0" bev="0" fileid="2" />
                <SequencePoint vc="0" uspid="206" ordinal="9" offset="75" sl="260" sc="13" el="260" ec="14" bec="0" bev="0" fileid="2" />
                <SequencePoint vc="0" uspid="207" ordinal="10" offset="76" sl="261" sc="17" el="261" ec="51" bec="0" bev="0" fileid="2" />
                <SequencePoint vc="0" uspid="208" ordinal="11" offset="84" sl="262" sc="13" el="262" ec="14" bec="0" bev="0" fileid="2" />
                <SequencePoint vc="0" uspid="209" ordinal="12" offset="85" sl="263" sc="9" el="263" ec="10" bec="0" bev="0" fileid="2" />
              </SequencePoints>
              <BranchPoints>
                <BranchPoint vc="0" uspid="210" ordinal="0" offset="62" sl="255" path="0" offsetend="64" fileid="2" />
                <BranchPoint vc="0" uspid="211" ordinal="1" offset="62" sl="255" path="1" offsetend="75" fileid="2" />
              </BranchPoints>
              <MethodPoint xsi:type="SequencePoint" vc="0" uspid="197" ordinal="0" offset="0" sl="249" sc="9" el="249" ec="10" bec="0" bev="0" fileid="2" />
            </Method>
            <Method visited="false" cyclomaticComplexity="1" nPathComplexity="0" sequenceCoverage="0" branchCoverage="0" crapScore="2" isConstructor="false" isStatic="true" isGetter="false" isSetter="false">
              <Summary numSequencePoints="7" visitedSequencePoints="0" numBranchPoints="1" visitedBranchPoints="0" sequenceCoverage="0" branchCoverage="0" maxCyclomaticComplexity="1" minCyclomaticComplexity="1" maxCrapScore="2" minCrapScore="2" visitedClasses="0" numClasses="0" visitedMethods="0" numMethods="1" />
              <MetadataToken>100663323</MetadataToken>
              <Name>System.Void CourseSystemUITest.Robot::ClickListViewToEmpty(System.String,System.String)</Name>
              <FileRef uid="2" />
              <SequencePoints>
                <SequencePoint vc="0" uspid="212" ordinal="0" offset="0" sl="266" sc="9" el="266" ec="10" bec="0" bev="0" fileid="2" />
                <SequencePoint vc="0" uspid="213" ordinal="1" offset="1" sl="267" sc="13" el="267" ec="48" bec="0" bev="0" fileid="2" />
                <SequencePoint vc="0" uspid="214" ordinal="2" offset="7" sl="268" sc="13" el="268" ec="74" bec="0" bev="0" fileid="2" />
                <SequencePoint vc="0" uspid="215" ordinal="3" offset="25" sl="269" sc="13" el="269" ec="50" bec="0" bev="0" fileid="2" />
                <SequencePoint vc="0" uspid="216" ordinal="4" offset="42" sl="270" sc="13" el="270" ec="48" bec="0" bev="0" fileid="2" />
                <SequencePoint vc="0" uspid="217" ordinal="5" offset="49" sl="271" sc="13" el="271" ec="47" bec="0" bev="0" fileid="2" />
                <SequencePoint vc="0" uspid="218" ordinal="6" offset="57" sl="272" sc="9" el="272" ec="10" bec="0" bev="0" fileid="2" />
              </SequencePoints>
              <BranchPoints />
              <MethodPoint xsi:type="SequencePoint" vc="0" uspid="212" ordinal="0" offset="0" sl="266" sc="9" el="266" ec="10" bec="0" bev="0" fileid="2" />
            </Method>
            <Method visited="false" cyclomaticComplexity="2" nPathComplexity="2" sequenceCoverage="0" branchCoverage="0" crapScore="6" isConstructor="false" isStatic="true" isGetter="false" isSetter="false">
              <Summary numSequencePoints="6" visitedSequencePoints="0" numBranchPoints="3" visitedBranchPoints="0" sequenceCoverage="0" branchCoverage="0" maxCyclomaticComplexity="2" minCyclomaticComplexity="2" maxCrapScore="6" minCrapScore="6" visitedClasses="0" numClasses="0" visitedMethods="0" numMethods="1" />
              <MetadataToken>100663324</MetadataToken>
              <Name>System.Void CourseSystemUITest.Robot::SetNumericUpDown(System.String,System.String)</Name>
              <FileRef uid="2" />
              <SequencePoints>
                <SequencePoint vc="0" uspid="219" ordinal="0" offset="0" sl="275" sc="9" el="275" ec="10" bec="0" bev="0" fileid="2" />
                <SequencePoint vc="0" uspid="220" ordinal="1" offset="1" sl="276" sc="13" el="276" ec="103" bec="0" bev="0" fileid="2" />
                <SequencePoint vc="0" uspid="221" ordinal="2" offset="28" sl="277" sc="13" el="277" ec="46" bec="2" bev="0" fileid="2" />
                <SequencePoint vc="0" uspid="222" ordinal="3" offset="44" sl="278" sc="17" el="278" ec="45" bec="0" bev="0" fileid="2" />
                <SequencePoint vc="0" uspid="223" ordinal="4" offset="52" sl="279" sc="13" el="279" ec="42" bec="0" bev="0" fileid="2" />
                <SequencePoint vc="0" uspid="224" ordinal="5" offset="63" sl="280" sc="9" el="280" ec="10" bec="0" bev="0" fileid="2" />
              </SequencePoints>
              <BranchPoints>
                <BranchPoint vc="0" uspid="225" ordinal="0" offset="42" sl="277" path="0" offsetend="44" fileid="2" />
                <BranchPoint vc="0" uspid="226" ordinal="1" offset="42" sl="277" path="1" offsetend="52" fileid="2" />
              </BranchPoints>
              <MethodPoint xsi:type="SequencePoint" vc="0" uspid="219" ordinal="0" offset="0" sl="275" sc="9" el="275" ec="10" bec="0" bev="0" fileid="2" />
            </Method>
            <Method visited="false" cyclomaticComplexity="2" nPathComplexity="2" sequenceCoverage="0" branchCoverage="0" crapScore="6" isConstructor="false" isStatic="true" isGetter="false" isSetter="false">
              <Summary numSequencePoints="5" visitedSequencePoints="0" numBranchPoints="3" visitedBranchPoints="0" sequenceCoverage="0" branchCoverage="0" maxCyclomaticComplexity="2" minCyclomaticComplexity="2" maxCrapScore="6" minCrapScore="6" visitedClasses="0" numClasses="0" visitedMethods="0" numMethods="1" />
              <MetadataToken>100663325</MetadataToken>
              <Name>System.Void CourseSystemUITest.Robot::SetComboBox(System.String,System.String)</Name>
              <FileRef uid="2" />
              <SequencePoints>
                <SequencePoint vc="0" uspid="227" ordinal="0" offset="0" sl="283" sc="9" el="283" ec="10" bec="0" bev="0" fileid="2" />
                <SequencePoint vc="0" uspid="228" ordinal="1" offset="1" sl="284" sc="13" el="284" ec="104" bec="0" bev="0" fileid="2" />
                <SequencePoint vc="0" uspid="229" ordinal="2" offset="28" sl="285" sc="13" el="285" ec="53" bec="2" bev="0" fileid="2" />
                <SequencePoint vc="0" uspid="230" ordinal="3" offset="44" sl="286" sc="17" el="286" ec="52" bec="0" bev="0" fileid="2" />
                <SequencePoint vc="0" uspid="231" ordinal="4" offset="52" sl="287" sc="9" el="287" ec="10" bec="0" bev="0" fileid="2" />
              </SequencePoints>
              <BranchPoints>
                <BranchPoint vc="0" uspid="232" ordinal="0" offset="42" sl="285" path="0" offsetend="44" fileid="2" />
                <BranchPoint vc="0" uspid="233" ordinal="1" offset="42" sl="285" path="1" offsetend="52" fileid="2" />
              </BranchPoints>
              <MethodPoint xsi:type="SequencePoint" vc="0" uspid="227" ordinal="0" offset="0" sl="283" sc="9" el="283" ec="10" bec="0" bev="0" fileid="2" />
            </Method>
            <Method visited="false" cyclomaticComplexity="2" nPathComplexity="2" sequenceCoverage="0" branchCoverage="0" crapScore="6" isConstructor="false" isStatic="true" isGetter="false" isSetter="false">
              <Summary numSequencePoints="5" visitedSequencePoints="0" numBranchPoints="3" visitedBranchPoints="0" sequenceCoverage="0" branchCoverage="0" maxCyclomaticComplexity="2" minCyclomaticComplexity="2" maxCrapScore="6" minCrapScore="6" visitedClasses="0" numClasses="0" visitedMethods="0" numMethods="1" />
              <MetadataToken>100663326</MetadataToken>
              <Name>System.Void CourseSystemUITest.Robot::SetCheckBox(System.String,System.Boolean)</Name>
              <FileRef uid="2" />
              <SequencePoints>
                <SequencePoint vc="0" uspid="234" ordinal="0" offset="0" sl="290" sc="9" el="290" ec="10" bec="0" bev="0" fileid="2" />
                <SequencePoint vc="0" uspid="235" ordinal="1" offset="1" sl="291" sc="13" el="291" ec="104" bec="0" bev="0" fileid="2" />
                <SequencePoint vc="0" uspid="236" ordinal="2" offset="28" sl="292" sc="13" el="292" ec="47" bec="2" bev="0" fileid="2" />
                <SequencePoint vc="0" uspid="237" ordinal="3" offset="44" sl="293" sc="17" el="293" ec="46" bec="0" bev="0" fileid="2" />
                <SequencePoint vc="0" uspid="238" ordinal="4" offset="52" sl="294" sc="9" el="294" ec="10" bec="0" bev="0" fileid="2" />
              </SequencePoints>
              <BranchPoints>
                <BranchPoint vc="0" uspid="239" ordinal="0" offset="42" sl="292" path="0" offsetend="44" fileid="2" />
                <BranchPoint vc="0" uspid="240" ordinal="1" offset="42" sl="292" path="1" offsetend="52" fileid="2" />
              </BranchPoints>
              <MethodPoint xsi:type="SequencePoint" vc="0" uspid="234" ordinal="0" offset="0" sl="290" sc="9" el="290" ec="10" bec="0" bev="0" fileid="2" />
            </Method>
            <Method visited="false" cyclomaticComplexity="1" nPathComplexity="0" sequenceCoverage="0" branchCoverage="0" crapScore="2" isConstructor="false" isStatic="true" isGetter="false" isSetter="false">
              <Summary numSequencePoints="10" visitedSequencePoints="0" numBranchPoints="1" visitedBranchPoints="0" sequenceCoverage="0" branchCoverage="0" maxCyclomaticComplexity="1" minCyclomaticComplexity="1" maxCrapScore="2" minCrapScore="2" visitedClasses="0" numClasses="0" visitedMethods="0" numMethods="1" />
              <MetadataToken>100663327</MetadataToken>
              <Name>System.Void CourseSystemUITest.Robot::SetDataGridViewCell(System.String,System.String,System.Int32,System.String)</Name>
              <FileRef uid="2" />
              <SequencePoints>
                <SequencePoint vc="0" uspid="241" ordinal="0" offset="0" sl="304" sc="9" el="304" ec="10" bec="0" bev="0" fileid="2" />
                <SequencePoint vc="0" uspid="242" ordinal="1" offset="1" sl="305" sc="13" el="305" ec="92" bec="0" bev="0" fileid="2" />
                <SequencePoint vc="0" uspid="243" ordinal="2" offset="28" sl="306" sc="13" el="306" ec="48" bec="0" bev="0" fileid="2" />
                <SequencePoint vc="0" uspid="244" ordinal="3" offset="35" sl="307" sc="13" el="307" ec="83" bec="0" bev="0" fileid="2" />
                <SequencePoint vc="0" uspid="245" ordinal="4" offset="53" sl="308" sc="13" el="308" ec="28" bec="0" bev="0" fileid="2" />
                <SequencePoint vc="0" uspid="246" ordinal="5" offset="60" sl="309" sc="13" el="309" ec="72" bec="0" bev="0" fileid="2" />
                <SequencePoint vc="0" uspid="247" ordinal="6" offset="67" sl="310" sc="13" el="310" ec="61" bec="0" bev="0" fileid="2" />
                <SequencePoint vc="0" uspid="248" ordinal="7" offset="80" sl="311" sc="13" el="311" ec="32" bec="0" bev="0" fileid="2" />
                <SequencePoint vc="0" uspid="249" ordinal="8" offset="88" sl="312" sc="13" el="312" ec="42" bec="0" bev="0" fileid="2" />
                <SequencePoint vc="0" uspid="250" ordinal="9" offset="99" sl="313" sc="9" el="313" ec="10" bec="0" bev="0" fileid="2" />
              </SequencePoints>
              <BranchPoints />
              <MethodPoint xsi:type="SequencePoint" vc="0" uspid="241" ordinal="0" offset="0" sl="304" sc="9" el="304" ec="10" bec="0" bev="0" fileid="2" />
            </Method>
            <Method visited="false" cyclomaticComplexity="1" nPathComplexity="0" sequenceCoverage="0" branchCoverage="0" crapScore="2" isConstructor="false" isStatic="true" isGetter="false" isSetter="false">
              <Summary numSequencePoints="4" visitedSequencePoints="0" numBranchPoints="1" visitedBranchPoints="0" sequenceCoverage="0" branchCoverage="0" maxCyclomaticComplexity="1" minCyclomaticComplexity="1" maxCrapScore="2" minCrapScore="2" visitedClasses="0" numClasses="0" visitedMethods="0" numMethods="1" />
              <MetadataToken>100663328</MetadataToken>
              <Name>System.Void CourseSystemUITest.Robot::AssertEdit(System.String,System.String)</Name>
              <FileRef uid="2" />
              <SequencePoints>
                <SequencePoint vc="0" uspid="251" ordinal="0" offset="0" sl="316" sc="9" el="316" ec="10" bec="0" bev="0" fileid="2" />
                <SequencePoint vc="0" uspid="252" ordinal="1" offset="1" sl="317" sc="13" el="317" ec="88" bec="0" bev="0" fileid="2" />
                <SequencePoint vc="0" uspid="253" ordinal="2" offset="28" sl="318" sc="13" el="318" ec="53" bec="0" bev="0" fileid="2" />
                <SequencePoint vc="0" uspid="254" ordinal="3" offset="41" sl="319" sc="9" el="319" ec="10" bec="0" bev="0" fileid="2" />
              </SequencePoints>
              <BranchPoints />
              <MethodPoint xsi:type="SequencePoint" vc="0" uspid="251" ordinal="0" offset="0" sl="316" sc="9" el="316" ec="10" bec="0" bev="0" fileid="2" />
            </Method>
            <Method visited="false" cyclomaticComplexity="1" nPathComplexity="0" sequenceCoverage="0" branchCoverage="0" crapScore="2" isConstructor="false" isStatic="true" isGetter="false" isSetter="false">
              <Summary numSequencePoints="4" visitedSequencePoints="0" numBranchPoints="1" visitedBranchPoints="0" sequenceCoverage="0" branchCoverage="0" maxCyclomaticComplexity="1" minCyclomaticComplexity="1" maxCrapScore="2" minCrapScore="2" visitedClasses="0" numClasses="0" visitedMethods="0" numMethods="1" />
              <MetadataToken>100663329</MetadataToken>
              <Name>System.Void CourseSystemUITest.Robot::AssertText(System.String,System.String)</Name>
              <FileRef uid="2" />
              <SequencePoints>
                <SequencePoint vc="0" uspid="255" ordinal="0" offset="0" sl="322" sc="9" el="322" ec="10" bec="0" bev="0" fileid="2" />
                <SequencePoint vc="0" uspid="256" ordinal="1" offset="1" sl="323" sc="13" el="323" ec="88" bec="0" bev="0" fileid="2" />
                <SequencePoint vc="0" uspid="257" ordinal="2" offset="28" sl="324" sc="13" el="324" ec="60" bec="0" bev="0" fileid="2" />
                <SequencePoint vc="0" uspid="258" ordinal="3" offset="41" sl="325" sc="9" el="325" ec="10" bec="0" bev="0" fileid="2" />
              </SequencePoints>
              <BranchPoints />
              <MethodPoint xsi:type="SequencePoint" vc="0" uspid="255" ordinal="0" offset="0" sl="322" sc="9" el="322" ec="10" bec="0" bev="0" fileid="2" />
            </Method>
            <Method visited="false" cyclomaticComplexity="1" nPathComplexity="0" sequenceCoverage="0" branchCoverage="0" crapScore="2" isConstructor="false" isStatic="true" isGetter="false" isSetter="false">
              <Summary numSequencePoints="4" visitedSequencePoints="0" numBranchPoints="1" visitedBranchPoints="0" sequenceCoverage="0" branchCoverage="0" maxCyclomaticComplexity="1" minCyclomaticComplexity="1" maxCrapScore="2" minCrapScore="2" visitedClasses="0" numClasses="0" visitedMethods="0" numMethods="1" />
              <MetadataToken>100663330</MetadataToken>
              <Name>System.Void CourseSystemUITest.Robot::AssertCheckBox(System.String,System.Boolean)</Name>
              <FileRef uid="2" />
              <SequencePoints>
                <SequencePoint vc="0" uspid="259" ordinal="0" offset="0" sl="328" sc="9" el="328" ec="10" bec="0" bev="0" fileid="2" />
                <SequencePoint vc="0" uspid="260" ordinal="1" offset="1" sl="329" sc="13" el="329" ec="104" bec="0" bev="0" fileid="2" />
                <SequencePoint vc="0" uspid="261" ordinal="2" offset="28" sl="330" sc="13" el="330" ec="58" bec="0" bev="0" fileid="2" />
                <SequencePoint vc="0" uspid="262" ordinal="3" offset="41" sl="331" sc="9" el="331" ec="10" bec="0" bev="0" fileid="2" />
              </SequencePoints>
              <BranchPoints />
              <MethodPoint xsi:type="SequencePoint" vc="0" uspid="259" ordinal="0" offset="0" sl="328" sc="9" el="328" ec="10" bec="0" bev="0" fileid="2" />
            </Method>
            <Method visited="false" cyclomaticComplexity="1" nPathComplexity="0" sequenceCoverage="0" branchCoverage="0" crapScore="2" isConstructor="false" isStatic="true" isGetter="false" isSetter="false">
              <Summary numSequencePoints="4" visitedSequencePoints="0" numBranchPoints="1" visitedBranchPoints="0" sequenceCoverage="0" branchCoverage="0" maxCyclomaticComplexity="1" minCyclomaticComplexity="1" maxCrapScore="2" minCrapScore="2" visitedClasses="0" numClasses="0" visitedMethods="0" numMethods="1" />
              <MetadataToken>100663331</MetadataToken>
              <Name>System.Void CourseSystemUITest.Robot::AssertNumericUpDown(System.String,System.String)</Name>
              <FileRef uid="2" />
              <SequencePoints>
                <SequencePoint vc="0" uspid="263" ordinal="0" offset="0" sl="333" sc="9" el="333" ec="10" bec="0" bev="0" fileid="2" />
                <SequencePoint vc="0" uspid="264" ordinal="1" offset="1" sl="334" sc="13" el="334" ec="103" bec="0" bev="0" fileid="2" />
                <SequencePoint vc="0" uspid="265" ordinal="2" offset="28" sl="335" sc="13" el="335" ec="57" bec="0" bev="0" fileid="2" />
                <SequencePoint vc="0" uspid="266" ordinal="3" offset="41" sl="336" sc="9" el="336" ec="10" bec="0" bev="0" fileid="2" />
              </SequencePoints>
              <BranchPoints />
              <MethodPoint xsi:type="SequencePoint" vc="0" uspid="263" ordinal="0" offset="0" sl="333" sc="9" el="333" ec="10" bec="0" bev="0" fileid="2" />
            </Method>
            <Method visited="false" cyclomaticComplexity="1" nPathComplexity="0" sequenceCoverage="0" branchCoverage="0" crapScore="2" isConstructor="false" isStatic="true" isGetter="false" isSetter="false">
              <Summary numSequencePoints="6" visitedSequencePoints="0" numBranchPoints="1" visitedBranchPoints="0" sequenceCoverage="0" branchCoverage="0" maxCyclomaticComplexity="1" minCyclomaticComplexity="1" maxCrapScore="2" minCrapScore="2" visitedClasses="0" numClasses="0" visitedMethods="0" numMethods="1" />
              <MetadataToken>100663332</MetadataToken>
              <Name>System.Void CourseSystemUITest.Robot::AssertDateTimePicker(System.String[])</Name>
              <FileRef uid="2" />
              <SequencePoints>
                <SequencePoint vc="0" uspid="267" ordinal="0" offset="0" sl="338" sc="9" el="338" ec="10" bec="0" bev="0" fileid="2" />
                <SequencePoint vc="0" uspid="268" ordinal="1" offset="1" sl="339" sc="13" el="339" ec="131" bec="0" bev="0" fileid="2" />
                <SequencePoint vc="0" uspid="269" ordinal="2" offset="30" sl="340" sc="13" el="340" ec="79" bec="0" bev="0" fileid="2" />
                <SequencePoint vc="0" uspid="270" ordinal="3" offset="58" sl="341" sc="13" el="341" ec="80" bec="0" bev="0" fileid="2" />
                <SequencePoint vc="0" uspid="271" ordinal="4" offset="86" sl="342" sc="13" el="342" ec="78" bec="0" bev="0" fileid="2" />
                <SequencePoint vc="0" uspid="272" ordinal="5" offset="114" sl="343" sc="9" el="343" ec="10" bec="0" bev="0" fileid="2" />
              </SequencePoints>
              <BranchPoints />
              <MethodPoint xsi:type="SequencePoint" vc="0" uspid="267" ordinal="0" offset="0" sl="338" sc="9" el="338" ec="10" bec="0" bev="0" fileid="2" />
            </Method>
            <Method visited="false" cyclomaticComplexity="1" nPathComplexity="0" sequenceCoverage="0" branchCoverage="0" crapScore="2" isConstructor="false" isStatic="true" isGetter="false" isSetter="false">
              <Summary numSequencePoints="4" visitedSequencePoints="0" numBranchPoints="1" visitedBranchPoints="0" sequenceCoverage="0" branchCoverage="0" maxCyclomaticComplexity="1" minCyclomaticComplexity="1" maxCrapScore="2" minCrapScore="2" visitedClasses="0" numClasses="0" visitedMethods="0" numMethods="1" />
              <MetadataToken>100663333</MetadataToken>
              <Name>System.Void CourseSystemUITest.Robot::AssertComboBox(System.String,System.String)</Name>
              <FileRef uid="2" />
              <SequencePoints>
                <SequencePoint vc="0" uspid="273" ordinal="0" offset="0" sl="345" sc="9" el="345" ec="10" bec="0" bev="0" fileid="2" />
                <SequencePoint vc="0" uspid="274" ordinal="1" offset="1" sl="346" sc="13" el="346" ec="104" bec="0" bev="0" fileid="2" />
                <SequencePoint vc="0" uspid="275" ordinal="2" offset="28" sl="347" sc="13" el="347" ec="65" bec="0" bev="0" fileid="2" />
                <SequencePoint vc="0" uspid="276" ordinal="3" offset="41" sl="348" sc="9" el="348" ec="10" bec="0" bev="0" fileid="2" />
              </SequencePoints>
              <BranchPoints />
              <MethodPoint xsi:type="SequencePoint" vc="0" uspid="273" ordinal="0" offset="0" sl="345" sc="9" el="345" ec="10" bec="0" bev="0" fileid="2" />
            </Method>
            <Method visited="false" cyclomaticComplexity="2" nPathComplexity="2" sequenceCoverage="0" branchCoverage="0" crapScore="6" isConstructor="false" isStatic="true" isGetter="false" isSetter="false">
              <Summary numSequencePoints="13" visitedSequencePoints="0" numBranchPoints="3" visitedBranchPoints="0" sequenceCoverage="0" branchCoverage="0" maxCyclomaticComplexity="2" minCyclomaticComplexity="2" maxCrapScore="6" minCrapScore="6" visitedClasses="0" numClasses="0" visitedMethods="0" numMethods="1" />
              <MetadataToken>100663334</MetadataToken>
              <Name>System.Void CourseSystemUITest.Robot::AssertListViewByValue(System.String,System.String[])</Name>
              <FileRef uid="2" />
              <SequencePoints>
                <SequencePoint vc="0" uspid="277" ordinal="0" offset="0" sl="351" sc="9" el="351" ec="10" bec="0" bev="0" fileid="2" />
                <SequencePoint vc="0" uspid="278" ordinal="1" offset="1" sl="352" sc="13" el="352" ec="48" bec="0" bev="0" fileid="2" />
                <SequencePoint vc="0" uspid="279" ordinal="2" offset="7" sl="353" sc="13" el="353" ec="74" bec="0" bev="0" fileid="2" />
                <SequencePoint vc="0" uspid="280" ordinal="3" offset="25" sl="354" sc="13" el="354" ec="48" bec="0" bev="0" fileid="2" />
                <SequencePoint vc="0" uspid="281" ordinal="4" offset="32" sl="355" sc="13" el="355" ec="48" bec="0" bev="0" fileid="2" />
                <SequencePoint vc="0" uspid="282" ordinal="5" offset="49" sl="356" sc="13" el="356" ec="61" bec="0" bev="0" fileid="2" />
                <SequencePoint vc="0" uspid="283" ordinal="6" offset="56" sl="357" sc="18" el="357" ec="27" bec="0" bev="0" fileid="2" />
                <SequencePoint vc="0" uspid="284" ordinal="7" offset="60" sl="358" sc="13" el="358" ec="14" bec="0" bev="0" fileid="2" />
                <SequencePoint vc="0" uspid="285" ordinal="8" offset="61" sl="359" sc="17" el="359" ec="62" bec="0" bev="0" fileid="2" />
                <SequencePoint vc="0" uspid="286" ordinal="9" offset="82" sl="360" sc="13" el="360" ec="14" bec="0" bev="0" fileid="2" />
                <SequencePoint vc="0" uspid="287" ordinal="10" offset="83" sl="357" sc="51" el="357" ec="54" bec="0" bev="0" fileid="2" />
                <SequencePoint vc="0" uspid="288" ordinal="11" offset="87" sl="357" sc="29" el="357" ec="49" bec="2" bev="0" fileid="2" />
                <SequencePoint vc="0" uspid="289" ordinal="12" offset="102" sl="361" sc="9" el="361" ec="10" bec="0" bev="0" fileid="2" />
              </SequencePoints>
              <BranchPoints>
                <BranchPoint vc="0" uspid="290" ordinal="0" offset="100" sl="357" path="0" offsetend="102" fileid="2" />
                <BranchPoint vc="0" uspid="291" ordinal="1" offset="100" sl="357" path="1" offsetend="60" fileid="2" />
              </BranchPoints>
              <MethodPoint xsi:type="SequencePoint" vc="0" uspid="277" ordinal="0" offset="0" sl="351" sc="9" el="351" ec="10" bec="0" bev="0" fileid="2" />
            </Method>
            <Method visited="false" cyclomaticComplexity="2" nPathComplexity="2" sequenceCoverage="0" branchCoverage="0" crapScore="6" isConstructor="false" isStatic="true" isGetter="false" isSetter="false">
              <Summary numSequencePoints="14" visitedSequencePoints="0" numBranchPoints="3" visitedBranchPoints="0" sequenceCoverage="0" branchCoverage="0" maxCyclomaticComplexity="2" minCyclomaticComplexity="2" maxCrapScore="6" minCrapScore="6" visitedClasses="0" numClasses="0" visitedMethods="0" numMethods="1" />
              <MetadataToken>100663335</MetadataToken>
              <Name>System.Void CourseSystemUITest.Robot::AssertDataGridViewByIndex(System.String,System.String,System.String[])</Name>
              <FileRef uid="2" />
              <SequencePoints>
                <SequencePoint vc="0" uspid="292" ordinal="0" offset="0" sl="364" sc="9" el="364" ec="10" bec="0" bev="0" fileid="2" />
                <SequencePoint vc="0" uspid="293" ordinal="1" offset="1" sl="365" sc="13" el="365" ec="92" bec="0" bev="0" fileid="2" />
                <SequencePoint vc="0" uspid="294" ordinal="2" offset="28" sl="366" sc="13" el="366" ec="48" bec="0" bev="0" fileid="2" />
                <SequencePoint vc="0" uspid="295" ordinal="3" offset="35" sl="367" sc="13" el="367" ec="80" bec="0" bev="0" fileid="2" />
                <SequencePoint vc="0" uspid="296" ordinal="4" offset="53" sl="368" sc="13" el="368" ec="28" bec="0" bev="0" fileid="2" />
                <SequencePoint vc="0" uspid="297" ordinal="5" offset="60" sl="369" sc="13" el="369" ec="72" bec="0" bev="0" fileid="2" />
                <SequencePoint vc="0" uspid="298" ordinal="6" offset="67" sl="370" sc="18" el="370" ec="27" bec="0" bev="0" fileid="2" />
                <SequencePoint vc="0" uspid="299" ordinal="7" offset="71" sl="371" sc="13" el="371" ec="14" bec="0" bev="0" fileid="2" />
                <SequencePoint vc="0" uspid="300" ordinal="8" offset="72" sl="372" sc="17" el="372" ec="57" bec="0" bev="0" fileid="2" />
                <SequencePoint vc="0" uspid="301" ordinal="9" offset="86" sl="373" sc="17" el="373" ec="54" bec="0" bev="0" fileid="2" />
                <SequencePoint vc="0" uspid="302" ordinal="10" offset="102" sl="374" sc="13" el="374" ec="14" bec="0" bev="0" fileid="2" />
                <SequencePoint vc="0" uspid="303" ordinal="11" offset="103" sl="370" sc="51" el="370" ec="54" bec="0" bev="0" fileid="2" />
                <SequencePoint vc="0" uspid="304" ordinal="12" offset="107" sl="370" sc="29" el="370" ec="49" bec="2" bev="0" fileid="2" />
                <SequencePoint vc="0" uspid="305" ordinal="13" offset="122" sl="375" sc="9" el="375" ec="10" bec="0" bev="0" fileid="2" />
              </SequencePoints>
              <BranchPoints>
                <BranchPoint vc="0" uspid="306" ordinal="0" offset="120" sl="370" path="0" offsetend="122" fileid="2" />
                <BranchPoint vc="0" uspid="307" ordinal="1" offset="120" sl="370" path="1" offsetend="71" fileid="2" />
              </BranchPoints>
              <MethodPoint xsi:type="SequencePoint" vc="0" uspid="292" ordinal="0" offset="0" sl="364" sc="9" el="364" ec="10" bec="0" bev="0" fileid="2" />
            </Method>
            <Method visited="false" cyclomaticComplexity="1" nPathComplexity="0" sequenceCoverage="0" branchCoverage="0" crapScore="2" isConstructor="false" isStatic="true" isGetter="false" isSetter="false">
              <Summary numSequencePoints="4" visitedSequencePoints="0" numBranchPoints="1" visitedBranchPoints="0" sequenceCoverage="0" branchCoverage="0" maxCyclomaticComplexity="1" minCyclomaticComplexity="1" maxCrapScore="2" minCrapScore="2" visitedClasses="0" numClasses="0" visitedMethods="0" numMethods="1" />
              <MetadataToken>100663336</MetadataToken>
              <Name>System.Void CourseSystemUITest.Robot::AssertDataItemsInDataGridView(System.String,System.Int32)</Name>
              <FileRef uid="2" />
              <SequencePoints>
                <SequencePoint vc="0" uspid="308" ordinal="0" offset="0" sl="378" sc="9" el="378" ec="10" bec="0" bev="0" fileid="2" />
                <SequencePoint vc="0" uspid="309" ordinal="1" offset="1" sl="379" sc="13" el="379" ec="92" bec="0" bev="0" fileid="2" />
                <SequencePoint vc="0" uspid="310" ordinal="2" offset="28" sl="380" sc="13" el="380" ec="54" bec="0" bev="0" fileid="2" />
                <SequencePoint vc="0" uspid="311" ordinal="3" offset="46" sl="381" sc="9" el="381" ec="10" bec="0" bev="0" fileid="2" />
              </SequencePoints>
              <BranchPoints />
              <MethodPoint xsi:type="SequencePoint" vc="0" uspid="308" ordinal="0" offset="0" sl="378" sc="9" el="378" ec="10" bec="0" bev="0" fileid="2" />
            </Method>
            <Method visited="false" cyclomaticComplexity="1" nPathComplexity="0" sequenceCoverage="0" branchCoverage="0" crapScore="2" isConstructor="false" isStatic="true" isGetter="false" isSetter="false">
              <Summary numSequencePoints="4" visitedSequencePoints="0" numBranchPoints="1" visitedBranchPoints="0" sequenceCoverage="0" branchCoverage="0" maxCyclomaticComplexity="1" minCyclomaticComplexity="1" maxCrapScore="2" minCrapScore="2" visitedClasses="0" numClasses="0" visitedMethods="0" numMethods="1" />
              <MetadataToken>100663337</MetadataToken>
              <Name>System.Void CourseSystemUITest.Robot::AssertButtonEnable(System.String,System.Boolean)</Name>
              <FileRef uid="2" />
              <SequencePoints>
                <SequencePoint vc="0" uspid="312" ordinal="0" offset="0" sl="384" sc="9" el="384" ec="10" bec="0" bev="0" fileid="2" />
                <SequencePoint vc="0" uspid="313" ordinal="1" offset="1" sl="385" sc="13" el="385" ec="96" bec="0" bev="0" fileid="2" />
                <SequencePoint vc="0" uspid="314" ordinal="2" offset="28" sl="386" sc="13" el="386" ec="52" bec="0" bev="0" fileid="2" />
                <SequencePoint vc="0" uspid="315" ordinal="3" offset="41" sl="387" sc="9" el="387" ec="10" bec="0" bev="0" fileid="2" />
              </SequencePoints>
              <BranchPoints />
              <MethodPoint xsi:type="SequencePoint" vc="0" uspid="312" ordinal="0" offset="0" sl="384" sc="9" el="384" ec="10" bec="0" bev="0" fileid="2" />
            </Method>
            <Method visited="false" cyclomaticComplexity="1" nPathComplexity="0" sequenceCoverage="0" branchCoverage="0" crapScore="2" isConstructor="false" isStatic="true" isGetter="false" isSetter="false">
              <Summary numSequencePoints="4" visitedSequencePoints="0" numBranchPoints="1" visitedBranchPoints="0" sequenceCoverage="0" branchCoverage="0" maxCyclomaticComplexity="1" minCyclomaticComplexity="1" maxCrapScore="2" minCrapScore="2" visitedClasses="0" numClasses="0" visitedMethods="0" numMethods="1" />
              <MetadataToken>100663338</MetadataToken>
              <Name>System.Void CourseSystemUITest.Robot::AssertWindow(System.String)</Name>
              <FileRef uid="2" />
              <SequencePoints>
                <SequencePoint vc="0" uspid="316" ordinal="0" offset="0" sl="390" sc="9" el="390" ec="10" bec="0" bev="0" fileid="2" />
                <SequencePoint vc="0" uspid="317" ordinal="1" offset="1" sl="392" sc="13" el="392" ec="95" bec="0" bev="0" fileid="2" />
                <SequencePoint vc="0" uspid="318" ordinal="2" offset="24" sl="393" sc="13" el="393" ec="49" bec="0" bev="0" fileid="2" />
                <SequencePoint vc="0" uspid="319" ordinal="3" offset="36" sl="394" sc="9" el="394" ec="10" bec="0" bev="0" fileid="2" />
              </SequencePoints>
              <BranchPoints />
              <MethodPoint xsi:type="SequencePoint" vc="0" uspid="316" ordinal="0" offset="0" sl="390" sc="9" el="390" ec="10" bec="0" bev="0" fileid="2" />
            </Method>
            <Method visited="false" cyclomaticComplexity="1" nPathComplexity="0" sequenceCoverage="0" branchCoverage="0" crapScore="2" isConstructor="false" isStatic="true" isGetter="false" isSetter="false">
              <Summary numSequencePoints="4" visitedSequencePoints="0" numBranchPoints="1" visitedBranchPoints="0" sequenceCoverage="0" branchCoverage="0" maxCyclomaticComplexity="1" minCyclomaticComplexity="1" maxCrapScore="2" minCrapScore="2" visitedClasses="0" numClasses="0" visitedMethods="0" numMethods="1" />
              <MetadataToken>100663339</MetadataToken>
              <Name>System.Void CourseSystemUITest.Robot::SendKeyEnterToMessageBox(System.String)</Name>
              <FileRef uid="2" />
              <SequencePoints>
                <SequencePoint vc="0" uspid="320" ordinal="0" offset="0" sl="397" sc="9" el="397" ec="10" bec="0" bev="0" fileid="2" />
                <SequencePoint vc="0" uspid="321" ordinal="1" offset="1" sl="398" sc="13" el="398" ec="102" bec="0" bev="0" fileid="2" />
                <SequencePoint vc="0" uspid="322" ordinal="2" offset="19" sl="399" sc="13" el="399" ec="42" bec="0" bev="0" fileid="2" />
                <SequencePoint vc="0" uspid="323" ordinal="3" offset="30" sl="400" sc="9" el="400" ec="10" bec="0" bev="0" fileid="2" />
              </SequencePoints>
              <BranchPoints />
              <MethodPoint xsi:type="SequencePoint" vc="0" uspid="320" ordinal="0" offset="0" sl="397" sc="9" el="397" ec="10" bec="0" bev="0" fileid="2" />
            </Method>
            <Method visited="false" cyclomaticComplexity="1" nPathComplexity="0" sequenceCoverage="0" branchCoverage="0" crapScore="2" isConstructor="false" isStatic="true" isGetter="false" isSetter="false">
              <Summary numSequencePoints="4" visitedSequencePoints="0" numBranchPoints="1" visitedBranchPoints="0" sequenceCoverage="0" branchCoverage="0" maxCyclomaticComplexity="1" minCyclomaticComplexity="1" maxCrapScore="2" minCrapScore="2" visitedClasses="0" numClasses="0" visitedMethods="0" numMethods="1" />
              <MetadataToken>100663340</MetadataToken>
              <Name>System.Void CourseSystemUITest.Robot::ClickRadioButton(System.String)</Name>
              <FileRef uid="2" />
              <SequencePoints>
                <SequencePoint vc="0" uspid="324" ordinal="0" offset="0" sl="403" sc="9" el="403" ec="10" bec="0" bev="0" fileid="2" />
                <SequencePoint vc="0" uspid="325" ordinal="1" offset="1" sl="404" sc="13" el="404" ec="110" bec="0" bev="0" fileid="2" />
                <SequencePoint vc="0" uspid="326" ordinal="2" offset="28" sl="405" sc="13" el="405" ec="32" bec="0" bev="0" fileid="2" />
                <SequencePoint vc="0" uspid="327" ordinal="3" offset="35" sl="406" sc="9" el="406" ec="10" bec="0" bev="0" fileid="2" />
              </SequencePoints>
              <BranchPoints />
              <MethodPoint xsi:type="SequencePoint" vc="0" uspid="324" ordinal="0" offset="0" sl="403" sc="9" el="403" ec="10" bec="0" bev="0" fileid="2" />
            </Method>
            <Method visited="false" cyclomaticComplexity="1" nPathComplexity="0" sequenceCoverage="0" branchCoverage="0" crapScore="2" isConstructor="false" isStatic="true" isGetter="false" isSetter="false">
              <Summary numSequencePoints="4" visitedSequencePoints="0" numBranchPoints="1" visitedBranchPoints="0" sequenceCoverage="0" branchCoverage="0" maxCyclomaticComplexity="1" minCyclomaticComplexity="1" maxCrapScore="2" minCrapScore="2" visitedClasses="0" numClasses="0" visitedMethods="0" numMethods="1" />
              <MetadataToken>100663341</MetadataToken>
              <Name>System.Void CourseSystemUITest.Robot::ClickHyperlink(System.String)</Name>
              <FileRef uid="2" />
              <SequencePoints>
                <SequencePoint vc="0" uspid="328" ordinal="0" offset="0" sl="409" sc="9" el="409" ec="10" bec="0" bev="0" fileid="2" />
                <SequencePoint vc="0" uspid="329" ordinal="1" offset="1" sl="410" sc="13" el="410" ec="107" bec="0" bev="0" fileid="2" />
                <SequencePoint vc="0" uspid="330" ordinal="2" offset="28" sl="411" sc="13" el="411" ec="35" bec="0" bev="0" fileid="2" />
                <SequencePoint vc="0" uspid="331" ordinal="3" offset="35" sl="412" sc="9" el="412" ec="10" bec="0" bev="0" fileid="2" />
              </SequencePoints>
              <BranchPoints />
              <MethodPoint xsi:type="SequencePoint" vc="0" uspid="328" ordinal="0" offset="0" sl="409" sc="9" el="409" ec="10" bec="0" bev="0" fileid="2" />
            </Method>
            <Method visited="false" cyclomaticComplexity="1" nPathComplexity="0" sequenceCoverage="0" branchCoverage="0" crapScore="2" isConstructor="true" isStatic="false" isGetter="false" isSetter="false">
              <Summary numSequencePoints="0" visitedSequencePoints="0" numBranchPoints="0" visitedBranchPoints="0" sequenceCoverage="0" branchCoverage="0" maxCyclomaticComplexity="1" minCyclomaticComplexity="1" maxCrapScore="2" minCrapScore="2" visitedClasses="0" numClasses="0" visitedMethods="0" numMethods="0" />
              <MetadataToken>100663342</MetadataToken>
              <Name>System.Void CourseSystemUITest.Robot::.ctor()</Name>
              <SequencePoints />
              <BranchPoints />
              <MethodPoint vc="0" uspid="332" ordinal="0" offset="0" />
            </Method>
          </Methods>
        </Class>
      </Classes>
    </Module>
  </Modules>
</CoverageSession>